Added Component: Designator=U?(16-SOIC)
Added Component: Designator=X?(TFT3.2-320X480)
Added Component: Designator=X?(FPC-45-0.5)
Added Pin To Net: NetName=+3.3V Pin=X?-24
Added Pin To Net: NetName=+3.3V Pin=X?-25
Added Pin To Net: NetName=+3.3V Pin=X?-26
Added Pin To Net: NetName=+3.3V Pin=X?-38
Added Net: Name=+3.3V
Added Pin To Net: NetName=+5V Pin=X?-1
Added Pin To Net: NetName=+5V Pin=X?-2
Added Pin To Net: NetName=+5V Pin=X?-43
Added Net: Name=+5V
Added Pin To Net: NetName=ENC2_CLK Pin=X?-38
Added Net: Name=ENC2_CLK
Added Pin To Net: NetName=ENC2_DT Pin=X?-37
Added Net: Name=ENC2_DT
Added Pin To Net: NetName=ENC2_SW Pin=X?-39
Added Net: Name=ENC2_SW
Added Pin To Net: NetName=ENC_CLK Pin=X?-41
Added Net: Name=ENC_CLK
Added Pin To Net: NetName=ENC_DT Pin=X?-40
Added Net: Name=ENC_DT
Added Pin To Net: NetName=FSMC_A18 Pin=X?-2
Added Pin To Net: NetName=FSMC_A18 Pin=X?-19
Added Net: Name=FSMC_A18
Added Pin To Net: NetName=FSMC_D0 Pin=X?-5
Added Pin To Net: NetName=FSMC_D0 Pin=X?-18
Added Net: Name=FSMC_D0
Added Pin To Net: NetName=FSMC_D1 Pin=X?-6
Added Pin To Net: NetName=FSMC_D1 Pin=X?-17
Added Net: Name=FSMC_D1
Added Pin To Net: NetName=FSMC_D2 Pin=X?-7
Added Pin To Net: NetName=FSMC_D2 Pin=X?-16
Added Net: Name=FSMC_D2
Added Pin To Net: NetName=FSMC_D3 Pin=X?-8
Added Pin To Net: NetName=FSMC_D3 Pin=X?-15
Added Net: Name=FSMC_D3
Added Pin To Net: NetName=FSMC_D4 Pin=X?-9
Added Pin To Net: NetName=FSMC_D4 Pin=X?-14
Added Net: Name=FSMC_D4
Added Pin To Net: NetName=FSMC_D5 Pin=X?-10
Added Pin To Net: NetName=FSMC_D5 Pin=X?-13
Added Net: Name=FSMC_D5
Added Pin To Net: NetName=FSMC_D6 Pin=X?-11
Added Pin To Net: NetName=FSMC_D6 Pin=X?-12
Added Net: Name=FSMC_D6
Added Pin To Net: NetName=FSMC_D7 Pin=X?-11
Added Pin To Net: NetName=FSMC_D7 Pin=X?-12
Added Net: Name=FSMC_D7
Added Pin To Net: NetName=FSMC_D8 Pin=X?-3
Added Pin To Net: NetName=FSMC_D8 Pin=X?-13
Added Net: Name=FSMC_D8
Added Pin To Net: NetName=FSMC_D9 Pin=X?-4
Added Pin To Net: NetName=FSMC_D9 Pin=X?-14
Added Net: Name=FSMC_D9
Added Pin To Net: NetName=FSMC_D10 Pin=X?-5
Added Pin To Net: NetName=FSMC_D10 Pin=X?-15
Added Net: Name=FSMC_D10
Added Pin To Net: NetName=FSMC_D11 Pin=X?-6
Added Pin To Net: NetName=FSMC_D11 Pin=X?-16
Added Net: Name=FSMC_D11
Added Pin To Net: NetName=FSMC_D12 Pin=X?-7
Added Pin To Net: NetName=FSMC_D12 Pin=X?-17
Added Net: Name=FSMC_D12
Added Pin To Net: NetName=FSMC_D13 Pin=X?-8
Added Pin To Net: NetName=FSMC_D13 Pin=X?-18
Added Net: Name=FSMC_D13
Added Pin To Net: NetName=FSMC_D14 Pin=X?-9
Added Pin To Net: NetName=FSMC_D14 Pin=X?-19
Added Net: Name=FSMC_D14
Added Pin To Net: NetName=FSMC_D15 Pin=X?-10
Added Pin To Net: NetName=FSMC_D15 Pin=X?-20
Added Net: Name=FSMC_D15
Added Pin To Net: NetName=FSMC_NE1 Pin=X?-1
Added Pin To Net: NetName=FSMC_NE1 Pin=X?-21
Added Net: Name=FSMC_NE1
Added Pin To Net: NetName=FSMC_NOE Pin=X?-4
Added Pin To Net: NetName=FSMC_NOE Pin=X?-26
Added Net: Name=FSMC_NOE
Added Pin To Net: NetName=FSMC_NWE Pin=X?-3
Added Pin To Net: NetName=FSMC_NWE Pin=X?-20
Added Net: Name=FSMC_NWE
Added Pin To Net: NetName=GND Pin=X?-27
Added Pin To Net: NetName=GND Pin=X?-28
Added Pin To Net: NetName=GND Pin=X?-35
Added Pin To Net: NetName=GND Pin=X?-36
Added Pin To Net: NetName=GND Pin=X?-44
Added Pin To Net: NetName=GND Pin=X?-45
Added Pin To Net: NetName=GND Pin=X?-46
Added Pin To Net: NetName=GND Pin=X?-47
Added Net: Name=GND
Added Pin To Net: NetName=STM_NRST Pin=X?-21
Added Pin To Net: NetName=STM_NRST Pin=X?-22
Added Net: Name=STM_NRST
Added Class: Name=WL-FRONT
