Removed Pin From Net: NetName=ON/OFF Pin=X2-1
Removed Pin From Net: NetName=GND Pin=X2-2
Removed Pin From Net: NetName=GND Pin=X2-3
Removed Pin From Net: NetName=GND Pin=X2-4
Removed Pin From Net: NetName=GND Pin=X2-6
Removed Pin From Net: NetName=+3.3V Pin=X2-7
Removed Pin From Net: NetName=+5V Pin=X2-8
Removed Pin From Net: NetName=+8Power Pin=X2-9
Removed Pin From Net: NetName=FSMC_D2 Pin=X2-10
Removed Pin From Net: NetName=FSMC_D3 Pin=X2-11
Removed Pin From Net: NetName=FSMC_NOE Pin=X2-12
Removed Pin From Net: NetName=FSMC_NWE Pin=X2-13
Removed Pin From Net: NetName=FSMC_NE1 Pin=X2-14
Removed Pin From Net: NetName=ENC_CLK Pin=X2-15
Removed Pin From Net: NetName=ENC2_SW Pin=X2-16
Removed Pin From Net: NetName=ENC_DT Pin=X2-17
Removed Pin From Net: NetName=ENC2_DT Pin=X2-18
Removed Pin From Net: NetName=ENC2_CLK Pin=X2-19
Removed Pin From Net: NetName=GB-3.3V Pin=X2-20
Removed Pin From Net: NetName=STM_NRST Pin=X2-21
Removed Pin From Net: NetName=FSMC_D1 Pin=X2-22
Removed Pin From Net: NetName=FSMC_D0 Pin=X2-23
Removed Pin From Net: NetName=FSMC_A18 Pin=X2-24
Removed Pin From Net: NetName=FSMC_D15 Pin=X2-25
Removed Pin From Net: NetName=FSMC_D14 Pin=X2-26
Removed Pin From Net: NetName=PERI_MISO Pin=X2-27
Removed Pin From Net: NetName=AD1_CS Pin=X2-28
Removed Pin From Net: NetName=PERI_SCK Pin=X2-29
Removed Pin From Net: NetName=PERI_MOSI Pin=X2-30
Removed Pin From Net: NetName=FSMC_D13 Pin=X2-31
Removed Pin From Net: NetName=FSMC_D4 Pin=X2-32
Removed Pin From Net: NetName=FSMC_D5 Pin=X2-33
Removed Pin From Net: NetName=FSMC_D6 Pin=X2-34
Removed Pin From Net: NetName=FSMC_D7 Pin=X2-35
Removed Pin From Net: NetName=FSMC_D8 Pin=X2-36
Removed Pin From Net: NetName=FSMC_D9 Pin=X2-37
Removed Pin From Net: NetName=FSMC_D10 Pin=X2-38
Removed Pin From Net: NetName=FSMC_D11 Pin=X2-39
Removed Pin From Net: NetName=FSMC_D12 Pin=X2-40
Added Pin To Net: NetName=FSMC_D8 Pin=X2-2
Added Pin To Net: NetName=ON/OFF Pin=X2-2
Added Pin To Net: NetName=FSMC_D7 Pin=X2-3
Added Pin To Net: NetName=FSMC_D10 Pin=X2-4
Added Pin To Net: NetName=FSMC_D9 Pin=X2-6
Added Pin To Net: NetName=FSMC_D5 Pin=X2-8
Added Pin To Net: NetName=FSMC_D11 Pin=X2-9
Added Pin To Net: NetName=PERI_MOSI Pin=X2-10
Added Pin To Net: NetName=PERI_MISO Pin=X2-11
Added Pin To Net: NetName=ENC_DT Pin=X2-12
Added Pin To Net: NetName=ENC2_SW Pin=X2-13
Added Pin To Net: NetName=ENC2_DT Pin=X2-14
Added Pin To Net: NetName=FSMC_D0 Pin=X2-15
Added Pin To Net: NetName=FSMC_NWE Pin=X2-16
Added Pin To Net: NetName=FSMC_NOE Pin=X2-17
Added Pin To Net: NetName=FSMC_NE1 Pin=X2-18
Added Pin To Net: NetName=FSMC_A18 Pin=X2-19
Added Pin To Net: NetName=FSMC_D6 Pin=X2-20
Added Pin To Net: NetName=AD1_CS Pin=X2-22
Added Pin To Net: NetName=ENC_CLK Pin=X2-23
Added Pin To Net: NetName=ENC2_CLK Pin=X2-24
Added Pin To Net: NetName=FSMC_D3 Pin=X2-27
Added Pin To Net: NetName=FSMC_D1 Pin=X2-28
Added Pin To Net: NetName=FSMC_D4 Pin=X2-29
Added Pin To Net: NetName=FSMC_D2 Pin=X2-30
Added Pin To Net: NetName=PERI_SCK Pin=X2-32
Added Pin To Net: NetName=+5V Pin=X2-33
Added Pin To Net: NetName=GB-3.3V Pin=X2-34
Added Pin To Net: NetName=GND Pin=X2-35
Added Pin To Net: NetName=GND Pin=X2-36
Added Pin To Net: NetName=GND Pin=X2-37
Added Pin To Net: NetName=GND Pin=X2-38
Added Pin To Net: NetName=+8Power Pin=X2-39
