Change Component Designator: Old Designator=C1 New Designator=C9
Change Component Designator: Old Designator=C2 New Designator=C10
Change Component Designator: Old Designator=C3 New Designator=C11
Change Component Designator: Old Designator=C4 New Designator=C12
Change Component Designator: Old Designator=C5 New Designator=C21
Change Component Designator: Old Designator=C6 New Designator=C27
Change Component Designator: Old Designator=C7 New Designator=C26
Change Component Designator: Old Designator=C8 New Designator=C24
Change Component Designator: Old Designator=C9 New Designator=C25
Change Component Designator: Old Designator=C10 New Designator=C16
Change Component Designator: Old Designator=C11 New Designator=C1
Change Component Designator: Old Designator=C12 New Designator=C5
Change Component Designator: Old Designator=C13 New Designator=C18
Change Component Designator: Old Designator=C14 New Designator=C19
Change Component Designator: Old Designator=C15 New Designator=C13
Change Component Designator: Old Designator=C16 New Designator=C15
Change Component Designator: Old Designator=C18 New Designator=C14
Change Component Designator: Old Designator=C19 New Designator=C20
Change Component Designator: Old Designator=C20 New Designator=C22
Change Component Designator: Old Designator=C21 New Designator=C23
Change Component Designator: Old Designator=C? New Designator=C2
Change Component Designator: Old Designator=C? New Designator=C3
Change Component Designator: Old Designator=C? New Designator=C4
Change Component Designator: Old Designator=C? New Designator=C6
Change Component Designator: Old Designator=C? New Designator=C7
Change Component Designator: Old Designator=C? New Designator=C8
Change Component Designator: Old Designator=FB? New Designator=FB1
Change Component Designator: Old Designator=L1 New Designator=L4
Change Component Designator: Old Designator=L2 New Designator=L1
Change Component Designator: Old Designator=L3 New Designator=L2
Change Component Designator: Old Designator=L4 New Designator=L3
Change Component Designator: Old Designator=R2 New Designator=R4
Change Component Designator: Old Designator=R3 New Designator=R5
Change Component Designator: Old Designator=R5 New Designator=R2
Change Component Designator: Old Designator=R6 New Designator=R3
Change Component Designator: Old Designator=R7 New Designator=R6
Change Component Designator: Old Designator=R9 New Designator=R7
Change Component Designator: Old Designator=R10 New Designator=R8
Change Component Designator: Old Designator=R11 New Designator=R9
Change Component Designator: Old Designator=U? New Designator=U3
