Removed Pin From Net: NetName=GND Pin=U3-4
Removed Pin From Net: NetName=GND Pin=U3-19
Removed Pin From Net: NetName=GND Pin=U3-22
Removed Pin From Net: NetName=GND Pin=U3-27
Removed Pin From Net: NetName=GND Pin=U3-36
Removed Pin From Net: NetName=GND Pin=U3-41
Removed Pin From Net: NetName=GND Pin=U3-48
Removed Pin From Net: NetName=GND Pin=U3-57
Removed Pin From Net: NetName=GND Pin=U3-63
Removed Pin From Net: NetName=GND Pin=U3-79
Removed Pin From Net: NetName=GND Pin=U3-82
Removed Pin From Net: NetName=GND Pin=U3-95
Removed Pin From Net: NetName=GND Pin=U3-118
Removed Pin From Net: NetName=GND Pin=U3-123
Removed Pin From Net: NetName=GND Pin=U3-131
Removed Pin From Net: NetName=GND Pin=U3-140
Removed Pin From Net: NetName=GND Pin=U3-145
Change Component Comment : Designator=C23 Old Comment=0.001 New Comment=0.01
Added Pin To Net: NetName=GND Pin=U3-94
Added Pin To Net: NetName=+2.5V Pin=U3-96
Added Pin To Net: NetName=GND Pin=U3-97
Change Net Color : Old Net Color=RGB(158, 161, 117) New Net Color=RGB(255, 110, 110)
Added Pin To Net: NetName=NetU3_4 Pin=U3-4
Added Pin To Net: NetName=NetU3_4 Pin=U3-19
Added Pin To Net: NetName=NetU3_4 Pin=U3-22
Added Pin To Net: NetName=NetU3_4 Pin=U3-27
Added Pin To Net: NetName=NetU3_4 Pin=U3-36
Added Pin To Net: NetName=NetU3_4 Pin=U3-41
Added Pin To Net: NetName=NetU3_4 Pin=U3-48
Added Pin To Net: NetName=NetU3_4 Pin=U3-57
Added Pin To Net: NetName=NetU3_4 Pin=U3-63
Added Pin To Net: NetName=NetU3_4 Pin=U3-79
Added Pin To Net: NetName=NetU3_4 Pin=U3-82
Added Pin To Net: NetName=NetU3_4 Pin=U3-95
Added Pin To Net: NetName=NetU3_4 Pin=U3-118
Added Pin To Net: NetName=NetU3_4 Pin=U3-123
Added Pin To Net: NetName=NetU3_4 Pin=U3-131
Added Pin To Net: NetName=NetU3_4 Pin=U3-140
Added Pin To Net: NetName=NetU3_4 Pin=U3-145
Added Net: Name=NetU3_4
