Removed Pin From Net: NetName=GND Pin=C135-1
Removed Pin From Net: NetName=+3.3V Pin=C135-2
Removed Pin From Net: NetName=Net_PH1 Pin=U1-13
Removed Pin From Net: NetName=+3.3V Pin=U1-21
Change Component Designator: OldDesignator=C6 NewDesignator=C196
Change Component Designator: OldDesignator=R8 NewDesignator=R59
Added Component: Designator=C6(CH0805C)
Add component. Clean all parameters for all variants
Add component (AddParameter): Name = "ComponentKind"; Value = ""; VariantName = "[No Variations]"
Add component (AddParameter): Name = "HelpURL"; Value = ""; VariantName = "[No Variations]"
Add component (AddParameter): Name = "Manufacturer"; Value = ""; VariantName = "[No Variations]"
Add component (AddParameter): Name = "Model"; Value = ""; VariantName = "[No Variations]"
Add component (AddParameter): Name = "Value"; Value = ""; VariantName = "[No Variations]"
Added Component: Designator=FB11(CH0805L)
Add component. Clean all parameters for all variants
Add component (AddParameter): Name = "ComponentKind"; Value = ""; VariantName = "[No Variations]"
Add component (AddParameter): Name = "HelpURL"; Value = ""; VariantName = "[No Variations]"
Add component (AddParameter): Name = "Manufacturer"; Value = ""; VariantName = "[No Variations]"
Add component (AddParameter): Name = "Model"; Value = ""; VariantName = "[No Variations]"
Add component (AddParameter): Name = "Value"; Value = ""; VariantName = "[No Variations]"
Added Component: Designator=FB12(CH0805L)
Add component. Clean all parameters for all variants
Add component (AddParameter): Name = "ComponentKind"; Value = ""; VariantName = "[No Variations]"
Add component (AddParameter): Name = "HelpURL"; Value = ""; VariantName = "[No Variations]"
Add component (AddParameter): Name = "Manufacturer"; Value = ""; VariantName = "[No Variations]"
Add component (AddParameter): Name = "Model"; Value = ""; VariantName = "[No Variations]"
Add component (AddParameter): Name = "Value"; Value = ""; VariantName = "[No Variations]"
Added Component: Designator=R8(CH0805R)
Add component. Clean all parameters for all variants
Add component (AddParameter): Name = "ComponentKind"; Value = ""; VariantName = "[No Variations]"
Add component (AddParameter): Name = "HelpURL"; Value = ""; VariantName = "[No Variations]"
Add component (AddParameter): Name = "Manufacturer"; Value = ""; VariantName = "[No Variations]"
Add component (AddParameter): Name = "Model"; Value = ""; VariantName = "[No Variations]"
Add component (AddParameter): Name = "Value"; Value = ""; VariantName = "[No Variations]"
Added Pin To Net: NetName=GND Pin=C6-2
Added Pin To Net: NetName=GND Pin=C135-2
Added Pin To Net: NetName=+3.3V Pin=FB11-1
Added Pin To Net: NetName=Net_PH1 Pin=R8-1
Change Net Name : Old Net Name=NetC6_2 New Net Name=NetC7_2
Change Net Name : Old Net Name=NetR8_2 New Net Name=NetR59_2
Added Pin To Net: NetName=NetC6_1 Pin=C6-1
Added Pin To Net: NetName=NetC6_1 Pin=FB11-2
Added Pin To Net: NetName=NetC6_1 Pin=FB12-2
Added Pin To Net: NetName=NetC6_1 Pin=U1-22
Added Net: Name=NetC6_1
Added Pin To Net: NetName=NetC135_1 Pin=C135-1
Added Pin To Net: NetName=NetC135_1 Pin=FB12-1
Added Pin To Net: NetName=NetC135_1 Pin=U1-21
Added Net: Name=NetC135_1
Added Pin To Net: NetName=NetR8_2 Pin=R8-2
Added Pin To Net: NetName=NetR8_2 Pin=U1-13
Added Net: Name=NetR8_2
Added Member To Class: ClassName=Designator Member=Component C6 0.1
Added Member To Class: ClassName=Designator Member=Component FB11 BLM
Added Member To Class: ClassName=Designator Member=Component FB12 BLM
Added Member To Class: ClassName=Designator Member=Component R8 200
