Removed Pin From Net: NetName=ON/OFF Pin=X1-1
Removed Pin From Net: NetName=GND Pin=X1-2
Removed Pin From Net: NetName=GND Pin=X1-3
Removed Pin From Net: NetName=GND Pin=X1-4
Removed Pin From Net: NetName=GND Pin=X1-6
Removed Pin From Net: NetName=+3.3V Pin=X1-7
Removed Pin From Net: NetName=+5V Pin=X1-8
Removed Pin From Net: NetName=FSMC_D2 Pin=X1-10
Removed Pin From Net: NetName=FSMC_D3 Pin=X1-11
Removed Pin From Net: NetName=FSMC_NOE Pin=X1-12
Removed Pin From Net: NetName=FSMC_NWE Pin=X1-13
Removed Pin From Net: NetName=FSMC_NE1 Pin=X1-14
Removed Pin From Net: NetName=ENC_CLK Pin=X1-15
Removed Pin From Net: NetName=ENC2_SW Pin=X1-16
Removed Pin From Net: NetName=ENC_DT Pin=X1-17
Removed Pin From Net: NetName=ENC2_DT Pin=X1-18
Removed Pin From Net: NetName=ENC2_CLK Pin=X1-19
Removed Pin From Net: NetName=GB-3.3V Pin=X1-20
Removed Pin From Net: NetName=STM_NRST Pin=X1-21
Removed Pin From Net: NetName=FSMC_D1 Pin=X1-22
Removed Pin From Net: NetName=FSMC_D0 Pin=X1-23
Removed Pin From Net: NetName=FSMC_A18 Pin=X1-24
Removed Pin From Net: NetName=FSMC_D15 Pin=X1-25
Removed Pin From Net: NetName=FSMC_D14 Pin=X1-26
Removed Pin From Net: NetName=PERI_MISO Pin=X1-27
Removed Pin From Net: NetName=AD1_CS Pin=X1-28
Removed Pin From Net: NetName=PERI_SCK Pin=X1-29
Removed Pin From Net: NetName=PERI_MOSI Pin=X1-30
Removed Pin From Net: NetName=FSMC_D13 Pin=X1-31
Removed Pin From Net: NetName=FSMC_D4 Pin=X1-32
Removed Pin From Net: NetName=FSMC_D5 Pin=X1-33
Removed Pin From Net: NetName=FSMC_D6 Pin=X1-34
Removed Pin From Net: NetName=FSMC_D7 Pin=X1-35
Removed Pin From Net: NetName=FSMC_D8 Pin=X1-36
Removed Pin From Net: NetName=FSMC_D9 Pin=X1-37
Removed Pin From Net: NetName=FSMC_D10 Pin=X1-38
Removed Pin From Net: NetName=FSMC_D11 Pin=X1-39
Removed Pin From Net: NetName=FSMC_D12 Pin=X1-40
Removed Member From Class: ClassName=U_WL-Power Member=C192
Removed Member From Class: ClassName=Designator Member=X1
Added Member To Class: ClassName=U_WL-Power Member=Component C135 10uF 10V
