Change Component Designator: OldDesignator=C5 NewDesignator=C187
Change Component Designator: OldDesignator=R4 NewDesignator=R58
Change Component Designator: OldDesignator=R17 NewDesignator=R57
Added Component: Designator=C5(CH0805C)
Add component. Clean all parameters for all variants
Add component (AddParameter): Name = "ComponentKind"; Value = ""; VariantName = "[No Variations]"
Add component (AddParameter): Name = "HelpURL"; Value = ""; VariantName = "[No Variations]"
Add component (AddParameter): Name = "Manufacturer"; Value = ""; VariantName = "[No Variations]"
Add component (AddParameter): Name = "Model"; Value = ""; VariantName = "[No Variations]"
Add component (AddParameter): Name = "Value"; Value = ""; VariantName = "[No Variations]"
Added Component: Designator=C189(TANTAL_B)
Add component. Clean all parameters for all variants
Add component (AddParameter): Name = "ComponentKind"; Value = ""; VariantName = "[No Variations]"
Add component (AddParameter): Name = "HelpURL"; Value = ""; VariantName = "[No Variations]"
Add component (AddParameter): Name = "Manufacturer"; Value = ""; VariantName = "[No Variations]"
Add component (AddParameter): Name = "Model"; Value = ""; VariantName = "[No Variations]"
Add component (AddParameter): Name = "Value"; Value = ""; VariantName = "[No Variations]"
Added Component: Designator=C190(CH0805C)
Add component. Clean all parameters for all variants
Add component (AddParameter): Name = "ComponentKind"; Value = ""; VariantName = "[No Variations]"
Add component (AddParameter): Name = "HelpURL"; Value = ""; VariantName = "[No Variations]"
Add component (AddParameter): Name = "Manufacturer"; Value = ""; VariantName = "[No Variations]"
Add component (AddParameter): Name = "Model"; Value = ""; VariantName = "[No Variations]"
Add component (AddParameter): Name = "Value"; Value = ""; VariantName = "[No Variations]"
Added Component: Designator=R4(CH0805R)
Add component. Clean all parameters for all variants
Add component (AddParameter): Name = "ComponentKind"; Value = ""; VariantName = "[No Variations]"
Add component (AddParameter): Name = "HelpURL"; Value = ""; VariantName = "[No Variations]"
Add component (AddParameter): Name = "Manufacturer"; Value = ""; VariantName = "[No Variations]"
Add component (AddParameter): Name = "Model"; Value = ""; VariantName = "[No Variations]"
Add component (AddParameter): Name = "Value"; Value = ""; VariantName = "[No Variations]"
Added Component: Designator=R17(CH0805R)
Add component. Clean all parameters for all variants
Add component (AddParameter): Name = "ComponentKind"; Value = ""; VariantName = "[No Variations]"
Add component (AddParameter): Name = "HelpURL"; Value = ""; VariantName = "[No Variations]"
Add component (AddParameter): Name = "Manufacturer"; Value = ""; VariantName = "[No Variations]"
Add component (AddParameter): Name = "Model"; Value = ""; VariantName = "[No Variations]"
Add component (AddParameter): Name = "Value"; Value = ""; VariantName = "[No Variations]"
Added Pin To Net: NetName=GND Pin=C5-1
Added Pin To Net: NetName=STM_NRST Pin=C5-2
Added Pin To Net: NetName=GND Pin=C189-2
Added Pin To Net: NetName=GND Pin=C190-2
Added Pin To Net: NetName=GND Pin=R4-1
Added Pin To Net: NetName=BOOTO Pin=R4-2
Added Pin To Net: NetName=GND Pin=R17-1
Change Net Name : Old Net Name=NetC5_1 New Net Name=NetC187_1
Change Net Name : Old Net Name=NetR4_1 New Net Name=NetR21_2
Change Net Name : Old Net Name=NetR17_2 New Net Name=NetR57_2
Added Pin To Net: NetName=NC Pin=R17-2
Added Pin To Net: NetName=NC Pin=U5-25
Added Net: Name=NC
Added Pin To Net: NetName=NetC189_1 Pin=C189-1
Added Pin To Net: NetName=NetC189_1 Pin=C190-1
Added Pin To Net: NetName=NetC189_1 Pin=U8-16
Added Net: Name=NetC189_1
Added Member To Class: ClassName=Designator Member=Component C187 1uF 10V
Added Member To Class: ClassName=Designator Member=Component C189 22uF 10V
Added Member To Class: ClassName=Designator Member=Component C190 0.1
Added Member To Class: ClassName=Designator Member=Component R4 1k
Added Member To Class: ClassName=U_WL-DAC904 Member=Component R57 22
