Removed Pin From Net: NetName=ATT_ON_16 Pin=U9-1
Removed Pin From Net: NetName=ATT_ON_8 Pin=U9-15
Removed Pin From Net: NetName=ATT_ON_4 Pin=U9-16
Removed Pin From Net: NetName=ATT_ON_2 Pin=U9-17
Removed Pin From Net: NetName=ATT_ON_1 Pin=U9-19
Removed Pin From Net: NetName=ATT_ON_0.5 Pin=U9-20
Removed Pin From Net: NetName=ATT_ON_0.5 Pin=U10-3
Removed Pin From Net: NetName=ATT_ON_1 Pin=U10-4
Removed Pin From Net: NetName=ATT_ON_2 Pin=U10-5
Removed Pin From Net: NetName=ATT_ON_4 Pin=U10-6
Removed Pin From Net: NetName=ATT_ON_8 Pin=U10-7
Removed Pin From Net: NetName=GND Pin=U10-8
Removed Pin From Net: NetName=ATT_ON_16 Pin=U10-9
Removed Pin From Net: NetName=+3.3V Pin=U10-10
Removed Pin From Net: NetName=CTRL_CLK Pin=U10-11
Removed Pin From Net: NetName=CTRL_RCLK Pin=U10-12
Removed Pin From Net: NetName=CTRL_OE Pin=U10-13
Removed Pin From Net: NetName=+3.3V Pin=U10-16
Removed Member From Class: ClassName=Designator Member=U10
Added Pin To Net: NetName=ATT_ON_0.5 Pin=U3-73
Added Pin To Net: NetName=ATT_ON_1 Pin=U3-74
Added Pin To Net: NetName=ATT_ON_2 Pin=U3-75
Added Pin To Net: NetName=ATT_ON_4 Pin=U3-76
Added Pin To Net: NetName=ATT_ON_8 Pin=U3-77
Added Pin To Net: NetName=ATT_ON_16 Pin=U3-80
