Added Component: Designator=C160(CH0805C)
Add component. Clean all parameters for all variants
Add component (AddParameter): Name = "ComponentKind"; Value = ""; VariantName = "[No Variations]"
Add component (AddParameter): Name = "HelpURL"; Value = ""; VariantName = "[No Variations]"
Add component (AddParameter): Name = "Manufacturer"; Value = ""; VariantName = "[No Variations]"
Add component (AddParameter): Name = "Model"; Value = ""; VariantName = "[No Variations]"
Add component (AddParameter): Name = "Value"; Value = ""; VariantName = "[No Variations]"
Added Component: Designator=C161(CH0805C)
Add component. Clean all parameters for all variants
Add component (AddParameter): Name = "ComponentKind"; Value = ""; VariantName = "[No Variations]"
Add component (AddParameter): Name = "HelpURL"; Value = ""; VariantName = "[No Variations]"
Add component (AddParameter): Name = "Manufacturer"; Value = ""; VariantName = "[No Variations]"
Add component (AddParameter): Name = "Model"; Value = ""; VariantName = "[No Variations]"
Add component (AddParameter): Name = "Value"; Value = ""; VariantName = "[No Variations]"
Added Component: Designator=C162(CH0805C)
Add component. Clean all parameters for all variants
Add component (AddParameter): Name = "ComponentKind"; Value = ""; VariantName = "[No Variations]"
Add component (AddParameter): Name = "HelpURL"; Value = ""; VariantName = "[No Variations]"
Add component (AddParameter): Name = "Manufacturer"; Value = ""; VariantName = "[No Variations]"
Add component (AddParameter): Name = "Model"; Value = ""; VariantName = "[No Variations]"
Add component (AddParameter): Name = "Value"; Value = ""; VariantName = "[No Variations]"
Added Component: Designator=C163(CH0805C)
Add component. Clean all parameters for all variants
Add component (AddParameter): Name = "ComponentKind"; Value = ""; VariantName = "[No Variations]"
Add component (AddParameter): Name = "HelpURL"; Value = ""; VariantName = "[No Variations]"
Add component (AddParameter): Name = "Manufacturer"; Value = ""; VariantName = "[No Variations]"
Add component (AddParameter): Name = "Model"; Value = ""; VariantName = "[No Variations]"
Add component (AddParameter): Name = "Value"; Value = ""; VariantName = "[No Variations]"
Added Component: Designator=C164(CH0805C)
Add component. Clean all parameters for all variants
Add component (AddParameter): Name = "ComponentKind"; Value = ""; VariantName = "[No Variations]"
Add component (AddParameter): Name = "HelpURL"; Value = ""; VariantName = "[No Variations]"
Add component (AddParameter): Name = "Manufacturer"; Value = ""; VariantName = "[No Variations]"
Add component (AddParameter): Name = "Model"; Value = ""; VariantName = "[No Variations]"
Add component (AddParameter): Name = "Value"; Value = ""; VariantName = "[No Variations]"
Added Component: Designator=C165(CH0805C)
Add component. Clean all parameters for all variants
Add component (AddParameter): Name = "ComponentKind"; Value = ""; VariantName = "[No Variations]"
Add component (AddParameter): Name = "HelpURL"; Value = ""; VariantName = "[No Variations]"
Add component (AddParameter): Name = "Manufacturer"; Value = ""; VariantName = "[No Variations]"
Add component (AddParameter): Name = "Model"; Value = ""; VariantName = "[No Variations]"
Add component (AddParameter): Name = "Value"; Value = ""; VariantName = "[No Variations]"
Added Component: Designator=C166(CH0805C)
Add component. Clean all parameters for all variants
Add component (AddParameter): Name = "ComponentKind"; Value = ""; VariantName = "[No Variations]"
Add component (AddParameter): Name = "HelpURL"; Value = ""; VariantName = "[No Variations]"
Add component (AddParameter): Name = "Manufacturer"; Value = ""; VariantName = "[No Variations]"
Add component (AddParameter): Name = "Model"; Value = ""; VariantName = "[No Variations]"
Add component (AddParameter): Name = "Value"; Value = ""; VariantName = "[No Variations]"
Added Component: Designator=C167(CH0805C)
Add component. Clean all parameters for all variants
Add component (AddParameter): Name = "ComponentKind"; Value = ""; VariantName = "[No Variations]"
Add component (AddParameter): Name = "HelpURL"; Value = ""; VariantName = "[No Variations]"
Add component (AddParameter): Name = "Manufacturer"; Value = ""; VariantName = "[No Variations]"
Add component (AddParameter): Name = "Model"; Value = ""; VariantName = "[No Variations]"
Add component (AddParameter): Name = "Value"; Value = ""; VariantName = "[No Variations]"
Added Component: Designator=C168(CH0805C)
Add component. Clean all parameters for all variants
Add component (AddParameter): Name = "ComponentKind"; Value = ""; VariantName = "[No Variations]"
Add component (AddParameter): Name = "HelpURL"; Value = ""; VariantName = "[No Variations]"
Add component (AddParameter): Name = "Manufacturer"; Value = ""; VariantName = "[No Variations]"
Add component (AddParameter): Name = "Model"; Value = ""; VariantName = "[No Variations]"
Add component (AddParameter): Name = "Value"; Value = ""; VariantName = "[No Variations]"
Added Component: Designator=C169(CH0805C)
Add component. Clean all parameters for all variants
Add component (AddParameter): Name = "ComponentKind"; Value = ""; VariantName = "[No Variations]"
Add component (AddParameter): Name = "HelpURL"; Value = ""; VariantName = "[No Variations]"
Add component (AddParameter): Name = "Manufacturer"; Value = ""; VariantName = "[No Variations]"
Add component (AddParameter): Name = "Model"; Value = ""; VariantName = "[No Variations]"
Add component (AddParameter): Name = "Value"; Value = ""; VariantName = "[No Variations]"
Added Component: Designator=C170(CH0805C)
Add component. Clean all parameters for all variants
Add component (AddParameter): Name = "ComponentKind"; Value = ""; VariantName = "[No Variations]"
Add component (AddParameter): Name = "HelpURL"; Value = ""; VariantName = "[No Variations]"
Add component (AddParameter): Name = "Manufacturer"; Value = ""; VariantName = "[No Variations]"
Add component (AddParameter): Name = "Model"; Value = ""; VariantName = "[No Variations]"
Add component (AddParameter): Name = "Value"; Value = ""; VariantName = "[No Variations]"
Added Component: Designator=C171(CH0805C)
Add component. Clean all parameters for all variants
Add component (AddParameter): Name = "ComponentKind"; Value = ""; VariantName = "[No Variations]"
Add component (AddParameter): Name = "HelpURL"; Value = ""; VariantName = "[No Variations]"
Add component (AddParameter): Name = "Manufacturer"; Value = ""; VariantName = "[No Variations]"
Add component (AddParameter): Name = "Model"; Value = ""; VariantName = "[No Variations]"
Add component (AddParameter): Name = "Value"; Value = ""; VariantName = "[No Variations]"
Added Component: Designator=C172(CH0805C)
Add component. Clean all parameters for all variants
Add component (AddParameter): Name = "ComponentKind"; Value = ""; VariantName = "[No Variations]"
Add component (AddParameter): Name = "HelpURL"; Value = ""; VariantName = "[No Variations]"
Add component (AddParameter): Name = "Manufacturer"; Value = ""; VariantName = "[No Variations]"
Add component (AddParameter): Name = "Model"; Value = ""; VariantName = "[No Variations]"
Add component (AddParameter): Name = "Value"; Value = ""; VariantName = "[No Variations]"
Added Component: Designator=C173(CH0805C)
Add component. Clean all parameters for all variants
Add component (AddParameter): Name = "ComponentKind"; Value = ""; VariantName = "[No Variations]"
Add component (AddParameter): Name = "HelpURL"; Value = ""; VariantName = "[No Variations]"
Add component (AddParameter): Name = "Manufacturer"; Value = ""; VariantName = "[No Variations]"
Add component (AddParameter): Name = "Model"; Value = ""; VariantName = "[No Variations]"
Add component (AddParameter): Name = "Value"; Value = ""; VariantName = "[No Variations]"
Added Component: Designator=C174(CH0805C)
Add component. Clean all parameters for all variants
Add component (AddParameter): Name = "ComponentKind"; Value = ""; VariantName = "[No Variations]"
Add component (AddParameter): Name = "HelpURL"; Value = ""; VariantName = "[No Variations]"
Add component (AddParameter): Name = "Manufacturer"; Value = ""; VariantName = "[No Variations]"
Add component (AddParameter): Name = "Model"; Value = ""; VariantName = "[No Variations]"
Add component (AddParameter): Name = "Value"; Value = ""; VariantName = "[No Variations]"
Added Component: Designator=L20(L1210)
Add component. Clean all parameters for all variants
Added Component: Designator=L21(L1210)
Add component. Clean all parameters for all variants
Added Component: Designator=L22(L1210)
Add component. Clean all parameters for all variants
Added Component: Designator=L23(L1210)
Add component. Clean all parameters for all variants
Added Component: Designator=L24(L1210)
Add component. Clean all parameters for all variants
Added Component: Designator=L25(L1210)
Add component. Clean all parameters for all variants
Added Component: Designator=L26(L1210)
Add component. Clean all parameters for all variants
Added Component: Designator=L27(L1210)
Add component. Clean all parameters for all variants
Added Component: Designator=L28(L1210)
Add component. Clean all parameters for all variants
Added Pin To Net: NetName=GND Pin=C160-1
Added Pin To Net: NetName=GND Pin=C161-1
Added Pin To Net: NetName=GND Pin=C162-1
Added Pin To Net: NetName=GND Pin=C163-1
Added Pin To Net: NetName=GND Pin=C167-1
Added Pin To Net: NetName=GND Pin=C168-1
Added Pin To Net: NetName=GND Pin=C169-1
Added Pin To Net: NetName=GND Pin=C173-1
Added Pin To Net: NetName=GND Pin=C174-1
Added Pin To Net: NetName=OUT_B7 Pin=L20-2
Added Pin To Net: NetName=IN_B6 Pin=L21-1
Added Pin To Net: NetName=IN_B7 Pin=L22-1
Added Pin To Net: NetName=IN_B5 Pin=L23-1
Added Pin To Net: NetName=GND Pin=L24-1
Added Pin To Net: NetName=GND Pin=L25-1
Added Pin To Net: NetName=GND Pin=L26-1
Added Pin To Net: NetName=OUT_B6 Pin=L27-2
Added Pin To Net: NetName=OUT_B5 Pin=L28-2
Added Pin To Net: NetName=NetC160_2 Pin=C160-2
Added Pin To Net: NetName=NetC160_2 Pin=C171-2
Added Pin To Net: NetName=NetC160_2 Pin=L20-1
Added Net: Name=NetC160_2
Added Pin To Net: NetName=NetC161_2 Pin=C161-2
Added Pin To Net: NetName=NetC161_2 Pin=C164-1
Added Pin To Net: NetName=NetC161_2 Pin=L21-2
Added Net: Name=NetC161_2
Added Pin To Net: NetName=NetC162_2 Pin=C162-2
Added Pin To Net: NetName=NetC162_2 Pin=C165-1
Added Pin To Net: NetName=NetC162_2 Pin=L22-2
Added Net: Name=NetC162_2
Added Pin To Net: NetName=NetC163_2 Pin=C163-2
Added Pin To Net: NetName=NetC163_2 Pin=C166-1
Added Pin To Net: NetName=NetC163_2 Pin=L23-2
Added Net: Name=NetC163_2
Added Pin To Net: NetName=NetC164_2 Pin=C164-2
Added Pin To Net: NetName=NetC164_2 Pin=C167-2
Added Pin To Net: NetName=NetC164_2 Pin=C170-1
Added Pin To Net: NetName=NetC164_2 Pin=L24-2
Added Net: Name=NetC164_2
Added Pin To Net: NetName=NetC165_2 Pin=C165-2
Added Pin To Net: NetName=NetC165_2 Pin=C168-2
Added Pin To Net: NetName=NetC165_2 Pin=C171-1
Added Pin To Net: NetName=NetC165_2 Pin=L25-2
Added Net: Name=NetC165_2
Added Pin To Net: NetName=NetC166_2 Pin=C166-2
Added Pin To Net: NetName=NetC166_2 Pin=C169-2
Added Pin To Net: NetName=NetC166_2 Pin=C172-1
Added Pin To Net: NetName=NetC166_2 Pin=L26-2
Added Net: Name=NetC166_2
Added Pin To Net: NetName=NetC170_2 Pin=C170-2
Added Pin To Net: NetName=NetC170_2 Pin=C173-2
Added Pin To Net: NetName=NetC170_2 Pin=L27-1
Added Net: Name=NetC170_2
Added Pin To Net: NetName=NetC172_2 Pin=C172-2
Added Pin To Net: NetName=NetC172_2 Pin=C174-2
Added Pin To Net: NetName=NetC172_2 Pin=L28-1
Added Net: Name=NetC172_2
