Removed Pin From Net: NetName=GND Pin=C1-1
Removed Pin From Net: NetName=GND Pin=C2-1
Removed Pin From Net: NetName=GND Pin=C3-1
Removed Pin From Net: NetName=GND Pin=C4-1
Removed Pin From Net: NetName=GND Pin=C5-2
Removed Pin From Net: NetName=GND Pin=C6-1
Removed Pin From Net: NetName=GND Pin=C7-1
Removed Pin From Net: NetName=GND Pin=C8-1
Removed Pin From Net: NetName=GND Pin=C9-1
Removed Pin From Net: NetName=GND Pin=C10-1
Removed Pin From Net: NetName=GND Pin=C11-1
Removed Pin From Net: NetName=GND Pin=C12-1
Removed Pin From Net: NetName=GND Pin=C13-1
Removed Pin From Net: NetName=GND Pin=C14-1
Removed Pin From Net: NetName=GND Pin=C18-2
Removed Pin From Net: NetName=GND Pin=C19-1
Removed Pin From Net: NetName=GND Pin=C20-2
Removed Pin From Net: NetName=GND Pin=C21-1
Removed Pin From Net: NetName=GND Pin=C22-1
Removed Pin From Net: NetName=GND Pin=C23-1
Removed Pin From Net: NetName=GND Pin=C24-1
Removed Pin From Net: NetName=GND Pin=C25-1
Removed Pin From Net: NetName=GND Pin=C26-1
Removed Pin From Net: NetName=GND Pin=C27-2
Removed Pin From Net: NetName=GND Pin=C28-2
Removed Pin From Net: NetName=GND Pin=C29-2
Removed Pin From Net: NetName=GND Pin=C30-2
Removed Pin From Net: NetName=GND Pin=C31-2
Removed Pin From Net: NetName=GND Pin=C32-2
Removed Pin From Net: NetName=+12V Pin=C33-1
Removed Pin From Net: NetName=GND Pin=C33-2
Removed Pin From Net: NetName=+12V Pin=C34-1
Removed Pin From Net: NetName=GND Pin=C34-2
Removed Pin From Net: NetName=+12V Pin=C35-1
Removed Pin From Net: NetName=GND Pin=C35-2
Removed Pin From Net: NetName=GND Pin=C37-1
Removed Pin From Net: NetName=GND Pin=C39-1
Removed Pin From Net: NetName=GND Pin=C42-1
Removed Pin From Net: NetName=GND Pin=C44-1
Removed Pin From Net: NetName=GND Pin=C49-1
Removed Pin From Net: NetName=GND Pin=C50-1
Removed Pin From Net: NetName=GND Pin=C77-1
Removed Pin From Net: NetName=GND Pin=C78-1
Removed Pin From Net: NetName=GND Pin=C79-2
Removed Pin From Net: NetName=GND Pin=C80-1
Removed Pin From Net: NetName=+3.3V Pin=D1-3
Removed Pin From Net: NetName=GND Pin=D1-4
Removed Pin From Net: NetName=+3.3V Pin=D1-7
Removed Pin From Net: NetName=+3.3V Pin=D1-8
Removed Pin From Net: NetName=+3.3V Pin=D2-2
Removed Pin From Net: NetName=GND Pin=DA1-16
Removed Pin From Net: NetName=GND Pin=DA1-19
Removed Pin From Net: NetName=GND Pin=DA1-22
Removed Pin From Net: NetName=GND Pin=DA1-25
Removed Pin From Net: NetName=GND Pin=DA1-27
Removed Pin From Net: NetName=GND Pin=DA2-1
Removed Pin From Net: NetName=+5V Pin=DA2-2
Removed Pin From Net: NetName=+5V Pin=DA2-4
Removed Pin From Net: NetName=GND Pin=DA3-1
Removed Pin From Net: NetName=+3.3V Pin=DA3-2
Removed Pin From Net: NetName=+3.3V Pin=DA3-4
Removed Pin From Net: NetName=GND Pin=DA4-1
Removed Pin From Net: NetName=+3.3V Pin=DA4-2
Removed Pin From Net: NetName=+3.3V Pin=DA4-4
Removed Pin From Net: NetName=GND Pin=DA5-1
Removed Pin From Net: NetName=+3.3DAC Pin=DA5-2
Removed Pin From Net: NetName=+3.3DAC Pin=DA5-4
Removed Pin From Net: NetName=GND Pin=DA6-1
Removed Pin From Net: NetName=+5DAC Pin=DA6-2
Removed Pin From Net: NetName=+5DAC Pin=DA6-4
Removed Pin From Net: NetName=+5V Pin=FB4-2
Removed Pin From Net: NetName=+3.3V Pin=FB5-2
Removed Pin From Net: NetName=+3.3V Pin=FB6-2
Removed Pin From Net: NetName=+3.3V Pin=FB7-2
Removed Pin From Net: NetName=GND Pin=G1-2
Removed Pin From Net: NetName=+3.3V Pin=R1-2
Removed Pin From Net: NetName=+3.3V Pin=R3-1
Removed Pin From Net: NetName=+3.3V Pin=R4-1
Removed Pin From Net: NetName=+3.3V Pin=R5-1
Removed Pin From Net: NetName=+3.3V Pin=R6-1
Removed Pin From Net: NetName=+3.3V Pin=R7-1
Removed Pin From Net: NetName=GND Pin=R8-1
Removed Pin From Net: NetName=GND Pin=R13-2
Removed Pin From Net: NetName=GND Pin=R15-1
Removed Pin From Net: NetName=+12V Pin=R24-1
Removed Pin From Net: NetName=GND Pin=R25-2
Removed Pin From Net: NetName=+3.3V Pin=R39-1
Removed Pin From Net: NetName=+3.3V Pin=R41-2
Removed Pin From Net: NetName=+3.3V Pin=R42-2
Removed Pin From Net: NetName=GND Pin=TR1-6
Removed Pin From Net: NetName=GND Pin=TR2-2
Removed Pin From Net: NetName=GND Pin=TR2-6
Removed Pin From Net: NetName=GND Pin=TR3-6
Removed Pin From Net: NetName=GND Pin=TR4-1
Removed Pin From Net: NetName=GND Pin=U1-10
Removed Pin From Net: NetName=+3.3V Pin=U1-11
Removed Pin From Net: NetName=GND Pin=U1-27
Removed Pin From Net: NetName=+3.3V Pin=U1-28
Removed Pin From Net: NetName=+3.3V Pin=U1-50
Removed Pin From Net: NetName=GND Pin=U1-74
Removed Pin From Net: NetName=+3.3V Pin=U1-75
Removed Pin From Net: NetName=GND Pin=U1-99
Removed Pin From Net: NetName=+3.3V Pin=U1-100
Removed Pin From Net: NetName=GND Pin=U2-4
Removed Pin From Net: NetName=GND Pin=U3-2
Removed Pin From Net: NetName=GND Pin=U3-4
Removed Pin From Net: NetName=GND Pin=U3-19
Removed Pin From Net: NetName=GND Pin=U3-22
Removed Pin From Net: NetName=GND Pin=U3-27
Removed Pin From Net: NetName=GND Pin=U3-36
Removed Pin From Net: NetName=GND Pin=U3-41
Removed Pin From Net: NetName=GND Pin=U3-48
Removed Pin From Net: NetName=GND Pin=U3-57
Removed Pin From Net: NetName=GND Pin=U3-63
Removed Pin From Net: NetName=GND Pin=U3-74
Removed Pin From Net: NetName=GND Pin=U3-79
Removed Pin From Net: NetName=GND Pin=U3-82
Removed Pin From Net: NetName=GND Pin=U3-94
Removed Pin From Net: NetName=GND Pin=U3-95
Removed Pin From Net: NetName=GND Pin=U3-97
Removed Pin From Net: NetName=GND Pin=U3-108
Removed Pin From Net: NetName=GND Pin=U3-118
Removed Pin From Net: NetName=GND Pin=U3-123
Removed Pin From Net: NetName=GND Pin=U3-131
Removed Pin From Net: NetName=GND Pin=U3-140
Removed Pin From Net: NetName=GND Pin=U3-145
Removed Pin From Net: NetName=GND Pin=U4-4
Removed Pin From Net: NetName=GND Pin=U4-9
Removed Pin From Net: NetName=GND Pin=U4-11
Removed Pin From Net: NetName=GND Pin=U4-12
Removed Pin From Net: NetName=GND Pin=U4-20
Removed Pin From Net: NetName=GND Pin=U4-20
Removed Pin From Net: NetName=GND Pin=U5-16
Removed Pin From Net: NetName=GND Pin=U5-20
Removed Pin From Net: NetName=GND Pin=U5-26
Removed Pin From Net: NetName=GND Pin=U6-4
Removed Pin From Net: NetName=+12V Pin=U6-11
Removed Pin From Net: NetName=GND Pin=U9-3
Removed Pin From Net: NetName=GND Pin=U9-4
Removed Pin From Net: NetName=GND Pin=U9-7
Removed Pin From Net: NetName=GND Pin=U9-8
Removed Pin From Net: NetName=GND Pin=U9-10
Removed Pin From Net: NetName=GND Pin=U9-11
Removed Pin From Net: NetName=GND Pin=U9-12
Removed Pin From Net: NetName=GND Pin=U9-13
Removed Pin From Net: NetName=GND Pin=U9-18
Removed Pin From Net: NetName=GND Pin=U9-21
Removed Pin From Net: NetName=GND Pin=U9-21
Removed Pin From Net: NetName=GND Pin=U9-21
Removed Pin From Net: NetName=GND Pin=U10-8
Removed Pin From Net: NetName=+3.3V Pin=U10-10
Removed Pin From Net: NetName=+3.3V Pin=U10-16
Removed Pin From Net: NetName=GND Pin=U11-8
Removed Pin From Net: NetName=+3.3V Pin=U11-10
Removed Pin From Net: NetName=+3.3V Pin=U11-16
Removed Pin From Net: NetName=GND Pin=U12-9
Removed Pin From Net: NetName=+12V Pin=U12-10
Removed Pin From Net: NetName=GND Pin=U13-2
Removed Pin From Net: NetName=+3.3V Pin=U13-5
Removed Pin From Net: NetName=GND Pin=U14-2
Removed Pin From Net: NetName=+3.3V Pin=U14-5
Removed Pin From Net: NetName=+5V Pin=X1-11
Removed Pin From Net: NetName=+3.3V Pin=X1-22
Removed Pin From Net: NetName=GND Pin=X1-23
Removed Pin From Net: NetName=GND Pin=X1-24
Removed Pin From Net: NetName=GND Pin=X2-2
Removed Pin From Net: NetName=GND Pin=X2-10
Removed Pin From Net: NetName=GND Pin=X3-1
Removed Pin From Net: NetName=GND Pin=X5-2
Removed Pin From Net: NetName=GND Pin=X5-2
Removed Pin From Net: NetName=GND Pin=X5-2
Removed Pin From Net: NetName=GND Pin=X5-2
Removed Pin From Net: NetName=GND Pin=X6-3
Removed Pin From Net: NetName=+5V Pin=X6-4
Removed Pin From Net: NetName=GND Pin=X7-4
Removed Pin From Net: NetName=GND Pin=X7-5
Added Class: Name=ATT[0..6]
