Removed Member From Class: ClassName=Designator Member=C134
Removed Member From Class: ClassName=Designator Member=C135
Removed Member From Class: ClassName=Designator Member=C136
Removed Member From Class: ClassName=Designator Member=C137
Removed Member From Class: ClassName=Designator Member=C138
Removed Member From Class: ClassName=Designator Member=C139
Removed Member From Class: ClassName=Designator Member=FB9
Removed Member From Class: ClassName=Designator Member=FB10
Removed Member From Class: ClassName=Designator Member=R44
Removed Member From Class: ClassName=Designator Member=R45
Removed Member From Class: ClassName=Designator Member=R46
Removed Member From Class: ClassName=Designator Member=R47
Removed Member From Class: ClassName=Designator Member=R48
Removed Member From Class: ClassName=Designator Member=R49
Removed Member From Class: ClassName=Designator Member=U10
Removed Member From Class: ClassName=Designator Member=U16
Removed Member From Class: ClassName=Designator Member=U17
Removed Member From Class: ClassName=Designator Member=U18
Removed Member From Class: ClassName=Designator Member=U?
Change Component Designator: OldDesignator=C163 NewDesignator=C176
Change Component Designator: OldDesignator=C166 NewDesignator=C177
Change Component Designator: OldDesignator=L24 NewDesignator=L30
Change Component Designator: OldDesignator=U? NewDesignator=U12
Added Component: Designator=C163(CH0805C)
Add component. Clean all parameters for all variants
Add component (AddParameter): Name = "ComponentKind"; Value = ""; VariantName = "[No Variations]"
Add component (AddParameter): Name = "HelpURL"; Value = ""; VariantName = "[No Variations]"
Add component (AddParameter): Name = "Manufacturer"; Value = ""; VariantName = "[No Variations]"
Add component (AddParameter): Name = "Model"; Value = ""; VariantName = "[No Variations]"
Add component (AddParameter): Name = "Value"; Value = ""; VariantName = "[No Variations]"
Added Component: Designator=C166(CH0805C)
Add component. Clean all parameters for all variants
Add component (AddParameter): Name = "ComponentKind"; Value = ""; VariantName = "[No Variations]"
Add component (AddParameter): Name = "HelpURL"; Value = ""; VariantName = "[No Variations]"
Add component (AddParameter): Name = "Manufacturer"; Value = ""; VariantName = "[No Variations]"
Add component (AddParameter): Name = "Model"; Value = ""; VariantName = "[No Variations]"
Add component (AddParameter): Name = "Value"; Value = ""; VariantName = "[No Variations]"
Added Component: Designator=C178(CH0805C)
Add component. Clean all parameters for all variants
Add component (AddParameter): Name = "ComponentKind"; Value = ""; VariantName = "[No Variations]"
Add component (AddParameter): Name = "HelpURL"; Value = ""; VariantName = "[No Variations]"
Add component (AddParameter): Name = "Manufacturer"; Value = ""; VariantName = "[No Variations]"
Add component (AddParameter): Name = "Model"; Value = ""; VariantName = "[No Variations]"
Add component (AddParameter): Name = "Value"; Value = ""; VariantName = "[No Variations]"
Added Component: Designator=C179(CH0805C)
Add component. Clean all parameters for all variants
Add component (AddParameter): Name = "ComponentKind"; Value = ""; VariantName = "[No Variations]"
Add component (AddParameter): Name = "HelpURL"; Value = ""; VariantName = "[No Variations]"
Add component (AddParameter): Name = "Manufacturer"; Value = ""; VariantName = "[No Variations]"
Add component (AddParameter): Name = "Model"; Value = ""; VariantName = "[No Variations]"
Add component (AddParameter): Name = "Value"; Value = ""; VariantName = "[No Variations]"
Added Component: Designator=C180(CH0805C)
Add component. Clean all parameters for all variants
Add component (AddParameter): Name = "ComponentKind"; Value = ""; VariantName = "[No Variations]"
Add component (AddParameter): Name = "HelpURL"; Value = ""; VariantName = "[No Variations]"
Add component (AddParameter): Name = "Manufacturer"; Value = ""; VariantName = "[No Variations]"
Add component (AddParameter): Name = "Model"; Value = ""; VariantName = "[No Variations]"
Add component (AddParameter): Name = "Value"; Value = ""; VariantName = "[No Variations]"
Added Component: Designator=C181(CH0805C)
Add component. Clean all parameters for all variants
Add component (AddParameter): Name = "ComponentKind"; Value = ""; VariantName = "[No Variations]"
Add component (AddParameter): Name = "HelpURL"; Value = ""; VariantName = "[No Variations]"
Add component (AddParameter): Name = "Manufacturer"; Value = ""; VariantName = "[No Variations]"
Add component (AddParameter): Name = "Model"; Value = ""; VariantName = "[No Variations]"
Add component (AddParameter): Name = "Value"; Value = ""; VariantName = "[No Variations]"
Added Component: Designator=C182(CH0805C)
Add component. Clean all parameters for all variants
Add component (AddParameter): Name = "ComponentKind"; Value = ""; VariantName = "[No Variations]"
Add component (AddParameter): Name = "HelpURL"; Value = ""; VariantName = "[No Variations]"
Add component (AddParameter): Name = "Manufacturer"; Value = ""; VariantName = "[No Variations]"
Add component (AddParameter): Name = "Model"; Value = ""; VariantName = "[No Variations]"
Add component (AddParameter): Name = "Value"; Value = ""; VariantName = "[No Variations]"
Added Component: Designator=L24(L1210)
Add component. Clean all parameters for all variants
Added Component: Designator=L29(L1210)
Add component. Clean all parameters for all variants
Added Component: Designator=L31(L1210)
Add component. Clean all parameters for all variants
Added Pin To Net: NetName=GND Pin=C163-1
Added Pin To Net: NetName=IN_B8 Pin=C163-2
Added Pin To Net: NetName=IN_B8 Pin=C166-1
Added Pin To Net: NetName=GND Pin=C178-1
Added Pin To Net: NetName=GND Pin=C180-1
Added Pin To Net: NetName=OUT_B8 Pin=C181-2
Added Pin To Net: NetName=GND Pin=C182-1
Added Pin To Net: NetName=OUT_B8 Pin=C182-2
Added Pin To Net: NetName=IN_B8 Pin=L29-1
Added Pin To Net: NetName=OUT_B8 Pin=L31-2
Change Net Name : Old Net Name=NetC163_2 New Net Name=NetC176_2
Change Net Name : Old Net Name=NetC166_2 New Net Name=NetC169_2
Added Pin To Net: NetName=NetC166_2 Pin=C166-2
Added Pin To Net: NetName=NetC166_2 Pin=C178-2
Added Pin To Net: NetName=NetC166_2 Pin=C179-1
Added Pin To Net: NetName=NetC166_2 Pin=L24-1
Added Pin To Net: NetName=NetC166_2 Pin=L29-2
Added Net: Name=NetC166_2
Added Pin To Net: NetName=NetC179_2 Pin=C179-2
Added Pin To Net: NetName=NetC179_2 Pin=C180-2
Added Pin To Net: NetName=NetC179_2 Pin=C181-1
Added Pin To Net: NetName=NetC179_2 Pin=L24-2
Added Pin To Net: NetName=NetC179_2 Pin=L31-1
Added Net: Name=NetC179_2
Added Member To Class: ClassName=Designator Member=Component C176 56p
Added Member To Class: ClassName=Designator Member=Component C177 15p
Added Member To Class: ClassName=Designator Member=Component C178 91p
Added Member To Class: ClassName=Designator Member=Component C179 15p
Added Member To Class: ClassName=Designator Member=Component C180 91p
Added Member To Class: ClassName=Designator Member=Component C181 22p
Added Member To Class: ClassName=Designator Member=Component C182 22p
Added Member To Class: ClassName=Designator Member=Component L29 150nH
Added Member To Class: ClassName=Designator Member=Component L30 1.2uH
Added Member To Class: ClassName=Designator Member=Component L31 150nH
