Removed Pin From Net: NetName=GND Pin=U?-4
Removed Pin From Net: NetName=+1.2V Pin=U?-5
Removed Pin From Net: NetName=+3.3V Pin=U?-17
Removed Pin From Net: NetName=GND Pin=U?-19
Removed Pin From Net: NetName=GND Pin=U?-22
Removed Pin From Net: NetName=+3.3V Pin=U?-26
Removed Pin From Net: NetName=GND Pin=U?-27
Removed Pin From Net: NetName=FPGA_BUS_D2 Pin=U?-28
Removed Pin From Net: NetName=+1.2V Pin=U?-29
Removed Pin From Net: NetName=FPGA_BUS_D1 Pin=U?-30
Removed Pin From Net: NetName=FPGA_BUS_D0 Pin=U?-31
Removed Pin From Net: NetName=FPGA_BUS_SYNC Pin=U?-32
Removed Pin From Net: NetName=FPGA_BUS_CLK Pin=U?-33
Removed Pin From Net: NetName=+2.5V Pin=U?-35
Removed Pin From Net: NetName=GND Pin=U?-36
Removed Pin From Net: NetName=+3.3V Pin=U?-40
Removed Pin From Net: NetName=GND Pin=U?-41
Removed Pin From Net: NetName=Net-otr Pin=U?-44
Removed Pin From Net: NetName=+1.2V Pin=U?-45
Removed Pin From Net: NetName=+3.3V Pin=U?-47
Removed Pin From Net: NetName=GND Pin=U?-48
Removed Pin From Net: NetName=Net-bit1 Pin=U?-52
Removed Pin From Net: NetName=Net-bit2 Pin=U?-53
Removed Pin From Net: NetName=Net-bit3 Pin=U?-54
Removed Pin From Net: NetName=Net-bit4 Pin=U?-55
Removed Pin From Net: NetName=+3.3V Pin=U?-56
Removed Pin From Net: NetName=GND Pin=U?-57
Removed Pin From Net: NetName=Net-bit5 Pin=U?-58
Removed Pin From Net: NetName=Net-bit6 Pin=U?-59
Removed Pin From Net: NetName=Net-bit7 Pin=U?-60
Removed Pin From Net: NetName=+1.2V Pin=U?-61
Removed Pin From Net: NetName=+3.3V Pin=U?-62
Removed Pin From Net: NetName=GND Pin=U?-63
Removed Pin From Net: NetName=Net-bit8 Pin=U?-64
Removed Pin From Net: NetName=Net-bit9 Pin=U?-65
Removed Pin From Net: NetName=Net-bit10 Pin=U?-66
Removed Pin From Net: NetName=Net-bit11 Pin=U?-67
Removed Pin From Net: NetName=Net-bit12 Pin=U?-68
Removed Pin From Net: NetName=+1.2V Pin=U?-78
Removed Pin From Net: NetName=GND Pin=U?-79
Removed Pin From Net: NetName=+3.3V Pin=U?-81
Removed Pin From Net: NetName=GND Pin=U?-82
Removed Pin From Net: NetName=Net-Clock Pin=U?-89
Removed Pin From Net: NetName=+3.3V Pin=U?-93
Removed Pin From Net: NetName=GND Pin=U?-95
Removed Pin From Net: NetName=Net_DAC0 Pin=U?-101
Removed Pin From Net: NetName=+1.2V Pin=U?-102
Removed Pin From Net: NetName=Net_DAC1 Pin=U?-103
Removed Pin From Net: NetName=Net_DAC2 Pin=U?-104
Removed Pin From Net: NetName=Net_DAC3 Pin=U?-105
Removed Pin From Net: NetName=Net_DAC4 Pin=U?-106
Removed Pin From Net: NetName=+2.5V Pin=U?-107
Removed Pin From Net: NetName=GND Pin=U?-108
Removed Pin From Net: NetName=Net_DAC5 Pin=U?-110
Removed Pin From Net: NetName=Net_DAC6 Pin=U?-111
Removed Pin From Net: NetName=Net_DAC7 Pin=U?-112
Removed Pin From Net: NetName=Net_DAC8 Pin=U?-113
Removed Pin From Net: NetName=Net_DAC9 Pin=U?-114
Removed Pin From Net: NetName=Net_DAC10 Pin=U?-115
Removed Pin From Net: NetName=+1.2V Pin=U?-116
Removed Pin From Net: NetName=+3.3V Pin=U?-117
Removed Pin From Net: NetName=GND Pin=U?-118
Removed Pin From Net: NetName=Net_DAC11 Pin=U?-119
Removed Pin From Net: NetName=Net_DAC12 Pin=U?-120
Removed Pin From Net: NetName=Net_DAC13 Pin=U?-121
Removed Pin From Net: NetName=+3.3V Pin=U?-122
Removed Pin From Net: NetName=GND Pin=U?-123
Removed Pin From Net: NetName=Net_DAC-CLK Pin=U?-125
Removed Pin From Net: NetName=+3.3V Pin=U?-130
Removed Pin From Net: NetName=GND Pin=U?-131
Removed Pin From Net: NetName=+1.2V Pin=U?-134
Removed Pin From Net: NetName=FPGA_48K_CLK Pin=U?-135
Removed Pin From Net: NetName=AUDIO_I2S_CLOCK Pin=U?-136
Removed Pin From Net: NetName=FPGA_BUS_D7 Pin=U?-137
Removed Pin From Net: NetName=+3.3V Pin=U?-139
Removed Pin From Net: NetName=GND Pin=U?-140
Removed Pin From Net: NetName=FPGA_BUS_D6 Pin=U?-141
Removed Pin From Net: NetName=FPGA_BUS_D5 Pin=U?-142
Removed Pin From Net: NetName=FPGA_BUS_D4 Pin=U?-143
Removed Pin From Net: NetName=FPGA_BUS_D3 Pin=U?-144
Removed Pin From Net: NetName=GND Pin=U?-145
Removed Member From Class: ClassName=U_WL-FPGA Member=U?
Change Component Designator: OldDesignator=U? NewDesignator=U3
Added Pin To Net: NetName=GND Pin=U3-4
Added Pin To Net: NetName=+1.2V Pin=U3-5
Added Pin To Net: NetName=+3.3V Pin=U3-17
Added Pin To Net: NetName=GND Pin=U3-19
Added Pin To Net: NetName=GND Pin=U3-22
Added Pin To Net: NetName=+3.3V Pin=U3-26
Added Pin To Net: NetName=GND Pin=U3-27
Added Pin To Net: NetName=FPGA_BUS_D2 Pin=U3-28
Added Pin To Net: NetName=+1.2V Pin=U3-29
Added Pin To Net: NetName=FPGA_BUS_D1 Pin=U3-30
Added Pin To Net: NetName=FPGA_BUS_D0 Pin=U3-31
Added Pin To Net: NetName=FPGA_BUS_SYNC Pin=U3-32
Added Pin To Net: NetName=FPGA_BUS_CLK Pin=U3-33
Added Pin To Net: NetName=+2.5V Pin=U3-35
Added Pin To Net: NetName=GND Pin=U3-36
Added Pin To Net: NetName=+3.3V Pin=U3-40
Added Pin To Net: NetName=GND Pin=U3-41
Added Pin To Net: NetName=Net-otr Pin=U3-44
Added Pin To Net: NetName=+1.2V Pin=U3-45
Added Pin To Net: NetName=+3.3V Pin=U3-47
Added Pin To Net: NetName=GND Pin=U3-48
Added Pin To Net: NetName=Net-bit1 Pin=U3-52
Added Pin To Net: NetName=Net-bit2 Pin=U3-53
Added Pin To Net: NetName=Net-bit3 Pin=U3-54
Added Pin To Net: NetName=Net-bit4 Pin=U3-55
Added Pin To Net: NetName=+3.3V Pin=U3-56
Added Pin To Net: NetName=GND Pin=U3-57
Added Pin To Net: NetName=Net-bit5 Pin=U3-58
Added Pin To Net: NetName=Net-bit6 Pin=U3-59
Added Pin To Net: NetName=Net-bit7 Pin=U3-60
Added Pin To Net: NetName=+1.2V Pin=U3-61
Added Pin To Net: NetName=+3.3V Pin=U3-62
Added Pin To Net: NetName=GND Pin=U3-63
Added Pin To Net: NetName=Net-bit8 Pin=U3-64
Added Pin To Net: NetName=Net-bit9 Pin=U3-65
Added Pin To Net: NetName=Net-bit10 Pin=U3-66
Added Pin To Net: NetName=Net-bit11 Pin=U3-67
Added Pin To Net: NetName=Net-bit12 Pin=U3-68
Added Pin To Net: NetName=+1.2V Pin=U3-78
Added Pin To Net: NetName=GND Pin=U3-79
Added Pin To Net: NetName=+3.3V Pin=U3-81
Added Pin To Net: NetName=GND Pin=U3-82
Added Pin To Net: NetName=Net-Clock Pin=U3-89
Added Pin To Net: NetName=+3.3V Pin=U3-93
Added Pin To Net: NetName=GND Pin=U3-95
Added Pin To Net: NetName=Net_DAC0 Pin=U3-101
Added Pin To Net: NetName=+1.2V Pin=U3-102
Added Pin To Net: NetName=Net_DAC1 Pin=U3-103
Added Pin To Net: NetName=Net_DAC2 Pin=U3-104
Added Pin To Net: NetName=Net_DAC3 Pin=U3-105
Added Pin To Net: NetName=Net_DAC4 Pin=U3-106
Added Pin To Net: NetName=+2.5V Pin=U3-107
Added Pin To Net: NetName=GND Pin=U3-108
Added Pin To Net: NetName=Net_DAC5 Pin=U3-110
Added Pin To Net: NetName=Net_DAC6 Pin=U3-111
Added Pin To Net: NetName=Net_DAC7 Pin=U3-112
Added Pin To Net: NetName=Net_DAC8 Pin=U3-113
Added Pin To Net: NetName=Net_DAC9 Pin=U3-114
Added Pin To Net: NetName=Net_DAC10 Pin=U3-115
Added Pin To Net: NetName=+1.2V Pin=U3-116
Added Pin To Net: NetName=+3.3V Pin=U3-117
Added Pin To Net: NetName=GND Pin=U3-118
Added Pin To Net: NetName=Net_DAC11 Pin=U3-119
Added Pin To Net: NetName=Net_DAC12 Pin=U3-120
Added Pin To Net: NetName=Net_DAC13 Pin=U3-121
Added Pin To Net: NetName=+3.3V Pin=U3-122
Added Pin To Net: NetName=GND Pin=U3-123
Added Pin To Net: NetName=Net_DAC-CLK Pin=U3-125
Added Pin To Net: NetName=+3.3V Pin=U3-130
Added Pin To Net: NetName=GND Pin=U3-131
Added Pin To Net: NetName=+1.2V Pin=U3-134
Added Pin To Net: NetName=FPGA_48K_CLK Pin=U3-135
Added Pin To Net: NetName=AUDIO_I2S_CLOCK Pin=U3-136
Added Pin To Net: NetName=FPGA_BUS_D7 Pin=U3-137
Added Pin To Net: NetName=+3.3V Pin=U3-139
Added Pin To Net: NetName=GND Pin=U3-140
Added Pin To Net: NetName=FPGA_BUS_D6 Pin=U3-141
Added Pin To Net: NetName=FPGA_BUS_D5 Pin=U3-142
Added Pin To Net: NetName=FPGA_BUS_D4 Pin=U3-143
Added Pin To Net: NetName=FPGA_BUS_D3 Pin=U3-144
Added Pin To Net: NetName=GND Pin=U3-145
Change Net Name : Old Net Name=NetU?_15 New Net Name=NetU3_15
Change Net Name : Old Net Name=NetU?_16 New Net Name=NetU3_16
Change Net Name : Old Net Name=NetU?_18 New Net Name=NetU3_18
Change Net Name : Old Net Name=NetU?_20 New Net Name=NetU3_20
Added Member To Class: ClassName=U_WL-FPGA Member=Component U3 EP4CE10E22
