Removed Pin From Net: NetName=ATT_ON_16 Pin=U3-73
Removed Pin From Net: NetName=ATT_ON_0.5 Pin=U3-74
Removed Pin From Net: NetName=ATT_ON_1 Pin=U3-75
Removed Pin From Net: NetName=ATT_ON_2 Pin=U3-76
Removed Pin From Net: NetName=ATT_ON_4 Pin=U3-77
Removed Pin From Net: NetName=ATT_ON_8 Pin=U3-80
Removed Pin From Net: NetName=BPF_A Pin=U3-83
Removed Pin From Net: NetName=BPF_B Pin=U3-84
Removed Pin From Net: NetName=BPF_OE1 Pin=U3-85
Removed Pin From Net: NetName=BPF_OE2 Pin=U3-86
Added Pin To Net: NetName=BPF_OE2 Pin=U3-77
Added Pin To Net: NetName=BPF_OE1 Pin=U3-80
Added Pin To Net: NetName=BPF_B Pin=U3-83
Added Pin To Net: NetName=BPF_A Pin=U3-84
Added Pin To Net: NetName=ATT_ON_16 Pin=U3-85
Added Pin To Net: NetName=ATT_ON_0.5 Pin=U3-86
Added Pin To Net: NetName=ATT_ON_1 Pin=U3-87
Added Pin To Net: NetName=ATT_ON_2 Pin=U3-98
Added Pin To Net: NetName=ATT_ON_4 Pin=U3-99
Added Pin To Net: NetName=ATT_ON_8 Pin=U3-100
