Added Component: Designator=C140(CH0805C)
Add component. Clean all parameters for all variants
Add component (AddParameter): Name = "ComponentKind"; Value = ""; VariantName = "[No Variations]"
Add component (AddParameter): Name = "HelpURL"; Value = ""; VariantName = "[No Variations]"
Add component (AddParameter): Name = "Manufacturer"; Value = ""; VariantName = "[No Variations]"
Add component (AddParameter): Name = "Model"; Value = ""; VariantName = "[No Variations]"
Add component (AddParameter): Name = "Value"; Value = ""; VariantName = "[No Variations]"
Added Component: Designator=C141(CH0805C)
Add component. Clean all parameters for all variants
Add component (AddParameter): Name = "ComponentKind"; Value = ""; VariantName = "[No Variations]"
Add component (AddParameter): Name = "HelpURL"; Value = ""; VariantName = "[No Variations]"
Add component (AddParameter): Name = "Manufacturer"; Value = ""; VariantName = "[No Variations]"
Add component (AddParameter): Name = "Model"; Value = ""; VariantName = "[No Variations]"
Add component (AddParameter): Name = "Value"; Value = ""; VariantName = "[No Variations]"
Added Component: Designator=C142(CH0805C)
Add component. Clean all parameters for all variants
Add component (AddParameter): Name = "ComponentKind"; Value = ""; VariantName = "[No Variations]"
Add component (AddParameter): Name = "HelpURL"; Value = ""; VariantName = "[No Variations]"
Add component (AddParameter): Name = "Manufacturer"; Value = ""; VariantName = "[No Variations]"
Add component (AddParameter): Name = "Model"; Value = ""; VariantName = "[No Variations]"
Add component (AddParameter): Name = "Value"; Value = ""; VariantName = "[No Variations]"
Added Component: Designator=C143(CH0805C)
Add component. Clean all parameters for all variants
Add component (AddParameter): Name = "ComponentKind"; Value = ""; VariantName = "[No Variations]"
Add component (AddParameter): Name = "HelpURL"; Value = ""; VariantName = "[No Variations]"
Add component (AddParameter): Name = "Manufacturer"; Value = ""; VariantName = "[No Variations]"
Add component (AddParameter): Name = "Model"; Value = ""; VariantName = "[No Variations]"
Add component (AddParameter): Name = "Value"; Value = ""; VariantName = "[No Variations]"
Added Component: Designator=C144(CH0805C)
Add component. Clean all parameters for all variants
Add component (AddParameter): Name = "ComponentKind"; Value = ""; VariantName = "[No Variations]"
Add component (AddParameter): Name = "HelpURL"; Value = ""; VariantName = "[No Variations]"
Add component (AddParameter): Name = "Manufacturer"; Value = ""; VariantName = "[No Variations]"
Add component (AddParameter): Name = "Model"; Value = ""; VariantName = "[No Variations]"
Add component (AddParameter): Name = "Value"; Value = ""; VariantName = "[No Variations]"
Added Component: Designator=C145(CH0805C)
Add component. Clean all parameters for all variants
Add component (AddParameter): Name = "ComponentKind"; Value = ""; VariantName = "[No Variations]"
Add component (AddParameter): Name = "HelpURL"; Value = ""; VariantName = "[No Variations]"
Add component (AddParameter): Name = "Manufacturer"; Value = ""; VariantName = "[No Variations]"
Add component (AddParameter): Name = "Model"; Value = ""; VariantName = "[No Variations]"
Add component (AddParameter): Name = "Value"; Value = ""; VariantName = "[No Variations]"
Added Component: Designator=C146(CH0805C)
Add component. Clean all parameters for all variants
Add component (AddParameter): Name = "ComponentKind"; Value = ""; VariantName = "[No Variations]"
Add component (AddParameter): Name = "HelpURL"; Value = ""; VariantName = "[No Variations]"
Add component (AddParameter): Name = "Manufacturer"; Value = ""; VariantName = "[No Variations]"
Add component (AddParameter): Name = "Model"; Value = ""; VariantName = "[No Variations]"
Add component (AddParameter): Name = "Value"; Value = ""; VariantName = "[No Variations]"
Added Component: Designator=C147(CH0805C)
Add component. Clean all parameters for all variants
Add component (AddParameter): Name = "ComponentKind"; Value = ""; VariantName = "[No Variations]"
Add component (AddParameter): Name = "HelpURL"; Value = ""; VariantName = "[No Variations]"
Add component (AddParameter): Name = "Manufacturer"; Value = ""; VariantName = "[No Variations]"
Add component (AddParameter): Name = "Model"; Value = ""; VariantName = "[No Variations]"
Add component (AddParameter): Name = "Value"; Value = ""; VariantName = "[No Variations]"
Added Component: Designator=C148(CH0805C)
Add component. Clean all parameters for all variants
Add component (AddParameter): Name = "ComponentKind"; Value = ""; VariantName = "[No Variations]"
Add component (AddParameter): Name = "HelpURL"; Value = ""; VariantName = "[No Variations]"
Add component (AddParameter): Name = "Manufacturer"; Value = ""; VariantName = "[No Variations]"
Add component (AddParameter): Name = "Model"; Value = ""; VariantName = "[No Variations]"
Add component (AddParameter): Name = "Value"; Value = ""; VariantName = "[No Variations]"
Added Component: Designator=C149(CH0805C)
Add component. Clean all parameters for all variants
Add component (AddParameter): Name = "ComponentKind"; Value = ""; VariantName = "[No Variations]"
Add component (AddParameter): Name = "HelpURL"; Value = ""; VariantName = "[No Variations]"
Add component (AddParameter): Name = "Manufacturer"; Value = ""; VariantName = "[No Variations]"
Add component (AddParameter): Name = "Model"; Value = ""; VariantName = "[No Variations]"
Add component (AddParameter): Name = "Value"; Value = ""; VariantName = "[No Variations]"
Added Component: Designator=C150(CH0805C)
Add component. Clean all parameters for all variants
Add component (AddParameter): Name = "ComponentKind"; Value = ""; VariantName = "[No Variations]"
Add component (AddParameter): Name = "HelpURL"; Value = ""; VariantName = "[No Variations]"
Add component (AddParameter): Name = "Manufacturer"; Value = ""; VariantName = "[No Variations]"
Add component (AddParameter): Name = "Model"; Value = ""; VariantName = "[No Variations]"
Add component (AddParameter): Name = "Value"; Value = ""; VariantName = "[No Variations]"
Added Component: Designator=C151(CH0805C)
Add component. Clean all parameters for all variants
Add component (AddParameter): Name = "ComponentKind"; Value = ""; VariantName = "[No Variations]"
Add component (AddParameter): Name = "HelpURL"; Value = ""; VariantName = "[No Variations]"
Add component (AddParameter): Name = "Manufacturer"; Value = ""; VariantName = "[No Variations]"
Add component (AddParameter): Name = "Model"; Value = ""; VariantName = "[No Variations]"
Add component (AddParameter): Name = "Value"; Value = ""; VariantName = "[No Variations]"
Added Component: Designator=C152(CH0805C)
Add component. Clean all parameters for all variants
Add component (AddParameter): Name = "ComponentKind"; Value = ""; VariantName = "[No Variations]"
Add component (AddParameter): Name = "HelpURL"; Value = ""; VariantName = "[No Variations]"
Add component (AddParameter): Name = "Manufacturer"; Value = ""; VariantName = "[No Variations]"
Add component (AddParameter): Name = "Model"; Value = ""; VariantName = "[No Variations]"
Add component (AddParameter): Name = "Value"; Value = ""; VariantName = "[No Variations]"
Added Component: Designator=C153(CH0805C)
Add component. Clean all parameters for all variants
Add component (AddParameter): Name = "ComponentKind"; Value = ""; VariantName = "[No Variations]"
Add component (AddParameter): Name = "HelpURL"; Value = ""; VariantName = "[No Variations]"
Add component (AddParameter): Name = "Manufacturer"; Value = ""; VariantName = "[No Variations]"
Add component (AddParameter): Name = "Model"; Value = ""; VariantName = "[No Variations]"
Add component (AddParameter): Name = "Value"; Value = ""; VariantName = "[No Variations]"
Added Component: Designator=C154(CH0805C)
Add component. Clean all parameters for all variants
Add component (AddParameter): Name = "ComponentKind"; Value = ""; VariantName = "[No Variations]"
Add component (AddParameter): Name = "HelpURL"; Value = ""; VariantName = "[No Variations]"
Add component (AddParameter): Name = "Manufacturer"; Value = ""; VariantName = "[No Variations]"
Add component (AddParameter): Name = "Model"; Value = ""; VariantName = "[No Variations]"
Add component (AddParameter): Name = "Value"; Value = ""; VariantName = "[No Variations]"
Added Component: Designator=C155(CH0805C)
Add component. Clean all parameters for all variants
Add component (AddParameter): Name = "ComponentKind"; Value = ""; VariantName = "[No Variations]"
Add component (AddParameter): Name = "HelpURL"; Value = ""; VariantName = "[No Variations]"
Add component (AddParameter): Name = "Manufacturer"; Value = ""; VariantName = "[No Variations]"
Add component (AddParameter): Name = "Model"; Value = ""; VariantName = "[No Variations]"
Add component (AddParameter): Name = "Value"; Value = ""; VariantName = "[No Variations]"
Added Component: Designator=C156(CH0805C)
Add component. Clean all parameters for all variants
Add component (AddParameter): Name = "ComponentKind"; Value = ""; VariantName = "[No Variations]"
Add component (AddParameter): Name = "HelpURL"; Value = ""; VariantName = "[No Variations]"
Add component (AddParameter): Name = "Manufacturer"; Value = ""; VariantName = "[No Variations]"
Add component (AddParameter): Name = "Model"; Value = ""; VariantName = "[No Variations]"
Add component (AddParameter): Name = "Value"; Value = ""; VariantName = "[No Variations]"
Added Component: Designator=C157(CH0805C)
Add component. Clean all parameters for all variants
Add component (AddParameter): Name = "ComponentKind"; Value = ""; VariantName = "[No Variations]"
Add component (AddParameter): Name = "HelpURL"; Value = ""; VariantName = "[No Variations]"
Add component (AddParameter): Name = "Manufacturer"; Value = ""; VariantName = "[No Variations]"
Add component (AddParameter): Name = "Model"; Value = ""; VariantName = "[No Variations]"
Add component (AddParameter): Name = "Value"; Value = ""; VariantName = "[No Variations]"
Added Component: Designator=C158(CH0805C)
Add component. Clean all parameters for all variants
Add component (AddParameter): Name = "ComponentKind"; Value = ""; VariantName = "[No Variations]"
Add component (AddParameter): Name = "HelpURL"; Value = ""; VariantName = "[No Variations]"
Add component (AddParameter): Name = "Manufacturer"; Value = ""; VariantName = "[No Variations]"
Add component (AddParameter): Name = "Model"; Value = ""; VariantName = "[No Variations]"
Add component (AddParameter): Name = "Value"; Value = ""; VariantName = "[No Variations]"
Added Component: Designator=C159(CH0805C)
Add component. Clean all parameters for all variants
Add component (AddParameter): Name = "ComponentKind"; Value = ""; VariantName = "[No Variations]"
Add component (AddParameter): Name = "HelpURL"; Value = ""; VariantName = "[No Variations]"
Add component (AddParameter): Name = "Manufacturer"; Value = ""; VariantName = "[No Variations]"
Add component (AddParameter): Name = "Model"; Value = ""; VariantName = "[No Variations]"
Add component (AddParameter): Name = "Value"; Value = ""; VariantName = "[No Variations]"
Added Component: Designator=L8(L1210)
Add component. Clean all parameters for all variants
Added Component: Designator=L9(L1210)
Add component. Clean all parameters for all variants
Added Component: Designator=L10(L1210)
Add component. Clean all parameters for all variants
Added Component: Designator=L11(L1210)
Add component. Clean all parameters for all variants
Added Component: Designator=L12(L1210)
Add component. Clean all parameters for all variants
Added Component: Designator=L13(L1210)
Add component. Clean all parameters for all variants
Added Component: Designator=L14(L1210)
Add component. Clean all parameters for all variants
Added Component: Designator=L15(L1210)
Add component. Clean all parameters for all variants
Added Component: Designator=L16(L1210)
Add component. Clean all parameters for all variants
Added Component: Designator=L17(L1210)
Add component. Clean all parameters for all variants
Added Component: Designator=L18(L1210)
Add component. Clean all parameters for all variants
Added Component: Designator=L19(L1210)
Add component. Clean all parameters for all variants
Added Pin To Net: NetName=GND Pin=C140-1
Added Pin To Net: NetName=GND Pin=C141-1
Added Pin To Net: NetName=GND Pin=C142-1
Added Pin To Net: NetName=GND Pin=C143-1
Added Pin To Net: NetName=GND Pin=C148-1
Added Pin To Net: NetName=GND Pin=C149-1
Added Pin To Net: NetName=GND Pin=C150-1
Added Pin To Net: NetName=GND Pin=C151-1
Added Pin To Net: NetName=GND Pin=C156-1
Added Pin To Net: NetName=GND Pin=C157-1
Added Pin To Net: NetName=GND Pin=C158-1
Added Pin To Net: NetName=GND Pin=C159-1
Added Pin To Net: NetName=IN_B2 Pin=L8-1
Added Pin To Net: NetName=IN_B4 Pin=L9-1
Added Pin To Net: NetName=IN_B1 Pin=L10-1
Added Pin To Net: NetName=IN_B3 Pin=L11-1
Added Pin To Net: NetName=GND Pin=L12-1
Added Pin To Net: NetName=GND Pin=L13-1
Added Pin To Net: NetName=GND Pin=L14-1
Added Pin To Net: NetName=GND Pin=L15-1
Added Pin To Net: NetName=OUT_B2 Pin=L16-2
Added Pin To Net: NetName=OUT_B4 Pin=L17-2
Added Pin To Net: NetName=OUT_B1 Pin=L18-2
Added Pin To Net: NetName=OUT_B3 Pin=L19-2
Added Pin To Net: NetName=NetC140_2 Pin=C140-2
Added Pin To Net: NetName=NetC140_2 Pin=C144-1
Added Pin To Net: NetName=NetC140_2 Pin=L8-2
Added Net: Name=NetC140_2
Added Pin To Net: NetName=NetC141_2 Pin=C141-2
Added Pin To Net: NetName=NetC141_2 Pin=C145-1
Added Pin To Net: NetName=NetC141_2 Pin=L9-2
Added Net: Name=NetC141_2
Added Pin To Net: NetName=NetC142_2 Pin=C142-2
Added Pin To Net: NetName=NetC142_2 Pin=C146-1
Added Pin To Net: NetName=NetC142_2 Pin=L10-2
Added Net: Name=NetC142_2
Added Pin To Net: NetName=NetC143_2 Pin=C143-2
Added Pin To Net: NetName=NetC143_2 Pin=C147-1
Added Pin To Net: NetName=NetC143_2 Pin=L11-2
Added Net: Name=NetC143_2
Added Pin To Net: NetName=NetC144_2 Pin=C144-2
Added Pin To Net: NetName=NetC144_2 Pin=C148-2
Added Pin To Net: NetName=NetC144_2 Pin=C152-1
Added Pin To Net: NetName=NetC144_2 Pin=L12-2
Added Net: Name=NetC144_2
Added Pin To Net: NetName=NetC145_2 Pin=C145-2
Added Pin To Net: NetName=NetC145_2 Pin=C149-2
Added Pin To Net: NetName=NetC145_2 Pin=C153-1
Added Pin To Net: NetName=NetC145_2 Pin=L13-2
Added Net: Name=NetC145_2
Added Pin To Net: NetName=NetC146_2 Pin=C146-2
Added Pin To Net: NetName=NetC146_2 Pin=C150-2
Added Pin To Net: NetName=NetC146_2 Pin=C154-1
Added Pin To Net: NetName=NetC146_2 Pin=L14-2
Added Net: Name=NetC146_2
Added Pin To Net: NetName=NetC147_2 Pin=C147-2
Added Pin To Net: NetName=NetC147_2 Pin=C151-2
Added Pin To Net: NetName=NetC147_2 Pin=C155-1
Added Pin To Net: NetName=NetC147_2 Pin=L15-2
Added Net: Name=NetC147_2
Added Pin To Net: NetName=NetC152_2 Pin=C152-2
Added Pin To Net: NetName=NetC152_2 Pin=C156-2
Added Pin To Net: NetName=NetC152_2 Pin=L16-1
Added Net: Name=NetC152_2
Added Pin To Net: NetName=NetC153_2 Pin=C153-2
Added Pin To Net: NetName=NetC153_2 Pin=C157-2
Added Pin To Net: NetName=NetC153_2 Pin=L17-1
Added Net: Name=NetC153_2
Added Pin To Net: NetName=NetC154_2 Pin=C154-2
Added Pin To Net: NetName=NetC154_2 Pin=C158-2
Added Pin To Net: NetName=NetC154_2 Pin=L18-1
Added Net: Name=NetC154_2
Added Pin To Net: NetName=NetC155_2 Pin=C155-2
Added Pin To Net: NetName=NetC155_2 Pin=C159-2
Added Pin To Net: NetName=NetC155_2 Pin=L19-1
Added Net: Name=NetC155_2
