Removed Pin From Net: NetName=ENC_CLK Pin=U1-2
Removed Pin From Net: NetName=ENC2_SW Pin=U1-3
Removed Pin From Net: NetName=ENC_DT Pin=U1-4
Removed Pin From Net: NetName=ENC2_DT Pin=U1-5
Removed Pin From Net: NetName=ENC2_CLK Pin=U1-7
Removed Pin From Net: NetName=Net_PC14 Pin=U1-8
Removed Pin From Net: NetName=Net_PC15 Pin=U1-9
Removed Pin From Net: NetName=GND Pin=U1-10
Removed Pin From Net: NetName=+3.3V Pin=U1-11
Removed Pin From Net: NetName=Net_PH0 Pin=U1-12
Removed Pin From Net: NetName=Net_PH1 Pin=U1-13
Removed Pin From Net: NetName=STM_NRST Pin=U1-14
Removed Pin From Net: NetName=FPGA_BUS_CLK Pin=U1-17
Removed Pin From Net: NetName=FPGA_BUS_SYNC Pin=U1-18
Removed Pin From Net: NetName=FPGA_BUS_D0 Pin=U1-23
Removed Pin From Net: NetName=FPGA_BUS_D1 Pin=U1-24
Removed Pin From Net: NetName=FPGA_BUS_D2 Pin=U1-25
Removed Pin From Net: NetName=FPGA_BUS_D3 Pin=U1-26
Removed Pin From Net: NetName=GND Pin=U1-27
Removed Pin From Net: NetName=+3.3V Pin=U1-28
Removed Pin From Net: NetName=FPGA_BUS_D4 Pin=U1-29
Removed Pin From Net: NetName=FPGA_BUS_D5 Pin=U1-30
Removed Pin From Net: NetName=FPGA_BUS_D6 Pin=U1-31
Removed Pin From Net: NetName=FPGA_BUS_D7 Pin=U1-32
Removed Pin From Net: NetName=PTT Pin=U1-34
Removed Pin From Net: NetName=W25Q16_CS Pin=U1-35
Removed Pin From Net: NetName=PTT_SW1 Pin=U1-36
Removed Pin From Net: NetName=PTT_SW2 Pin=U1-37
Removed Pin From Net: NetName=FSMC_D4 Pin=U1-38
Removed Pin From Net: NetName=FSMC_D5 Pin=U1-39
Removed Pin From Net: NetName=FSMC_D6 Pin=U1-40
Removed Pin From Net: NetName=FSMC_D7 Pin=U1-41
Removed Pin From Net: NetName=FSMC_D8 Pin=U1-42
Removed Pin From Net: NetName=FSMC_D9 Pin=U1-43
Removed Pin From Net: NetName=FSMC_D10 Pin=U1-44
Removed Pin From Net: NetName=FSMC_D11 Pin=U1-45
Removed Pin From Net: NetName=FSMC_D12 Pin=U1-46
Removed Pin From Net: NetName=FPGA_48K_CLK Pin=U1-47
Removed Pin From Net: NetName=+3.3V Pin=U1-50
Removed Pin From Net: NetName=PERI_SCK Pin=U1-52
Removed Pin From Net: NetName=PERI_MISO Pin=U1-53
Removed Pin From Net: NetName=PERI_MOSI Pin=U1-54
Removed Pin From Net: NetName=FSMC_D13 Pin=U1-55
Removed Pin From Net: NetName=FSMC_D14 Pin=U1-56
Removed Pin From Net: NetName=FSMC_D15 Pin=U1-57
Removed Pin From Net: NetName=FSMC_A18 Pin=U1-60
Removed Pin From Net: NetName=FSMC_D0 Pin=U1-61
Removed Pin From Net: NetName=FSMC_D1 Pin=U1-62
Removed Pin From Net: NetName=AD1_CS Pin=U1-65
Removed Pin From Net: NetName=AUDIO_I2S_CLOCK Pin=U1-66
Removed Pin From Net: NetName=PA13 Pin=U1-72
Removed Pin From Net: NetName=GND Pin=U1-74
Removed Pin From Net: NetName=+3.3V Pin=U1-75
Removed Pin From Net: NetName=PA14 Pin=U1-76
Removed Pin From Net: NetName=WM8731_WS_LRC Pin=U1-77
Removed Pin From Net: NetName=WM8731_BCLK Pin=U1-78
Removed Pin From Net: NetName=WM8731_ADC_SD Pin=U1-79
Removed Pin From Net: NetName=WM8731_DAC_SD Pin=U1-80
Removed Pin From Net: NetName=FSMC_D2 Pin=U1-81
Removed Pin From Net: NetName=FSMC_D3 Pin=U1-82
Removed Pin From Net: NetName=WM8731_SCK Pin=U1-84
Removed Pin From Net: NetName=FSMC_NOE Pin=U1-85
Removed Pin From Net: NetName=FSMC_NWE Pin=U1-86
Removed Pin From Net: NetName=WM8731_SDA Pin=U1-87
Removed Pin From Net: NetName=FSMC_NE1 Pin=U1-88
Removed Pin From Net: NetName=PB3 Pin=U1-89
Removed Pin From Net: NetName=CTRL_RCLK Pin=U1-92
Removed Pin From Net: NetName=CTRL_CLK Pin=U1-93
Removed Pin From Net: NetName=CTRL_DATA Pin=U1-95
Removed Pin From Net: NetName=CTRL_OE Pin=U1-96
Removed Pin From Net: NetName=GND Pin=U1-99
Removed Pin From Net: NetName=+3.3V Pin=U1-100
Removed Member From Class: ClassName=Designator Member=U1
Added Pin To Net: NetName=NetU7_5 Pin=U7-5
Added Net: Name=NetU7_5
Added Pin To Net: NetName=NetX7_2 Pin=X7-2
Added Net: Name=NetX7_2
Added Pin To Net: NetName=NetX7_3 Pin=X7-3
Added Net: Name=NetX7_3
