Removed Pin From Net: NetName=+3.3V Pin=R7-1
Removed Pin From Net: NetName=GND Pin=SB7-2
Removed Pin From Net: NetName=GND Pin=SB7-2
Removed Pin From Net: NetName=FSMC_NE1 Pin=X2-1
Removed Pin From Net: NetName=FSMC_A18 Pin=X2-2
Removed Pin From Net: NetName=FSMC_NWE Pin=X2-3
Removed Pin From Net: NetName=FSMC_NOE Pin=X2-4
Removed Pin From Net: NetName=FSMC_D0 Pin=X2-5
Removed Pin From Net: NetName=FSMC_D1 Pin=X2-6
Removed Pin From Net: NetName=FSMC_D2 Pin=X2-7
Removed Pin From Net: NetName=FSMC_D3 Pin=X2-8
Removed Pin From Net: NetName=FSMC_D4 Pin=X2-9
Removed Pin From Net: NetName=FSMC_D5 Pin=X2-10
Removed Pin From Net: NetName=FSMC_D6 Pin=X2-11
Removed Pin From Net: NetName=FSMC_D7 Pin=X2-12
Removed Pin From Net: NetName=FSMC_D8 Pin=X2-13
Removed Pin From Net: NetName=FSMC_D9 Pin=X2-14
Removed Pin From Net: NetName=FSMC_D10 Pin=X2-15
Removed Pin From Net: NetName=FSMC_D11 Pin=X2-16
Removed Pin From Net: NetName=FSMC_D12 Pin=X2-17
Removed Pin From Net: NetName=FSMC_D13 Pin=X2-18
Removed Pin From Net: NetName=FSMC_D14 Pin=X2-19
Removed Pin From Net: NetName=FSMC_D15 Pin=X2-20
Removed Pin From Net: NetName=STM_NRST Pin=X2-21
Removed Pin From Net: NetName=+3.3V Pin=X2-22
Removed Pin From Net: NetName=GND Pin=X2-23
Removed Pin From Net: NetName=GND Pin=X2-24
Removed Pin From Net: NetName=ENC2_DT Pin=X2-25
Removed Pin From Net: NetName=ENC2_CLK Pin=X2-26
Removed Pin From Net: NetName=ENC2_SW Pin=X2-27
Removed Pin From Net: NetName=ENC_DT Pin=X2-28
Removed Pin From Net: NetName=ENC_CLK Pin=X2-29
Removed Pin From Net: NetName=AD1_CS Pin=X2-30
Removed Pin From Net: NetName=PERI_MOSI Pin=X2-31
Removed Pin From Net: NetName=PERI_MISO Pin=X2-32
Removed Pin From Net: NetName=PERI_SCK Pin=X2-33
Removed Pin From Net: NetName=+5V Pin=X2-34
Removed Member From Class: ClassName=WL-FRONT Member=R7
Removed Member From Class: ClassName=WL-FRONT Member=SB7
Added Component: Designator=X?(CON: PLD2X20)
Add component. Clean all parameters for all variants
Add component (AddParameter): Name = "System"; Value = "Connector"; VariantName = "[No Variations]"
Added Pin To Net: NetName=GND Pin=X?-2
Added Pin To Net: NetName=GND Pin=X?-5
Added Pin To Net: NetName=+3.3V Pin=X?-6
Added Pin To Net: NetName=+5V Pin=X?-8
Added Pin To Net: NetName=FSMC_D2 Pin=X?-10
Added Pin To Net: NetName=FSMC_D3 Pin=X?-11
Added Pin To Net: NetName=FSMC_NOE Pin=X?-12
Added Pin To Net: NetName=FSMC_NWE Pin=X?-13
Added Pin To Net: NetName=FSMC_NE1 Pin=X?-14
Added Pin To Net: NetName=ENC_CLK Pin=X?-15
Added Pin To Net: NetName=ENC2_SW Pin=X?-16
Added Pin To Net: NetName=ENC_DT Pin=X?-17
Added Pin To Net: NetName=ENC2_DT Pin=X?-18
Added Pin To Net: NetName=ENC2_CLK Pin=X?-19
Added Pin To Net: NetName=STM_NRST Pin=X?-21
Added Pin To Net: NetName=FSMC_D1 Pin=X?-22
Added Pin To Net: NetName=FSMC_D0 Pin=X?-23
Added Pin To Net: NetName=FSMC_A18 Pin=X?-24
Added Pin To Net: NetName=FSMC_D15 Pin=X?-25
Added Pin To Net: NetName=FSMC_D14 Pin=X?-26
Added Pin To Net: NetName=PERI_MISO Pin=X?-27
Added Pin To Net: NetName=AD1_CS Pin=X?-28
Added Pin To Net: NetName=PERI_SCK Pin=X?-29
Added Pin To Net: NetName=PERI_MOSI Pin=X?-30
Added Pin To Net: NetName=FSMC_D13 Pin=X?-31
Added Pin To Net: NetName=FSMC_D4 Pin=X?-32
Added Pin To Net: NetName=FSMC_D5 Pin=X?-33
Added Pin To Net: NetName=FSMC_D6 Pin=X?-34
Added Pin To Net: NetName=FSMC_D7 Pin=X?-35
Added Pin To Net: NetName=FSMC_D8 Pin=X?-36
Added Pin To Net: NetName=FSMC_D9 Pin=X?-37
Added Pin To Net: NetName=FSMC_D10 Pin=X?-38
Added Pin To Net: NetName=FSMC_D11 Pin=X?-39
Added Pin To Net: NetName=FSMC_D12 Pin=X?-40
Added Pin To Net: NetName=GB-3.3V Pin=X?-20
Added Net: Name=GB-3.3V
Added Member To Class: ClassName=WL-FRONT Member=Component X? FPC 0.5
