Removed Pin From Net: NetName=+5V Pin=X1-1
Removed Pin From Net: NetName=+5V Pin=X1-2
Removed Pin From Net: NetName=FSMC_D8 Pin=X1-3
Removed Pin From Net: NetName=FSMC_D9 Pin=X1-4
Removed Pin From Net: NetName=FSMC_D10 Pin=X1-5
Removed Pin From Net: NetName=FSMC_D11 Pin=X1-6
Removed Pin From Net: NetName=FSMC_D12 Pin=X1-7
Removed Pin From Net: NetName=FSMC_D13 Pin=X1-8
Removed Pin From Net: NetName=FSMC_D14 Pin=X1-9
Removed Pin From Net: NetName=FSMC_D15 Pin=X1-10
Removed Pin From Net: NetName=FSMC_D7 Pin=X1-11
Removed Pin From Net: NetName=FSMC_D6 Pin=X1-12
Removed Pin From Net: NetName=FSMC_D5 Pin=X1-13
Removed Pin From Net: NetName=FSMC_D4 Pin=X1-14
Removed Pin From Net: NetName=FSMC_D3 Pin=X1-15
Removed Pin From Net: NetName=FSMC_D2 Pin=X1-16
Removed Pin From Net: NetName=FSMC_D1 Pin=X1-17
Removed Pin From Net: NetName=FSMC_D0 Pin=X1-18
Removed Pin From Net: NetName=FSMC_A18 Pin=X1-19
Removed Pin From Net: NetName=FSMC_NWE Pin=X1-20
Removed Pin From Net: NetName=FSMC_NE1 Pin=X1-21
Removed Pin From Net: NetName=STM_NRST Pin=X1-22
Removed Pin From Net: NetName=FSMC_NOE Pin=X1-26
Removed Pin From Net: NetName=GND Pin=X1-35
Removed Pin From Net: NetName=GND Pin=X1-36
Removed Pin From Net: NetName=+3.3V Pin=X1-38
Removed Member From Class: ClassName=WL-FRONT Member=X1
