Change Component Designator: Old Designator=C1 New Designator=C51
Change Component Designator: Old Designator=C2 New Designator=C52
Change Component Designator: Old Designator=C3 New Designator=C53
Change Component Designator: Old Designator=C4 New Designator=C54
Change Component Designator: Old Designator=C5 New Designator=C55
Change Component Designator: Old Designator=C6 New Designator=C56
Change Component Designator: Old Designator=C7 New Designator=C57
Change Component Designator: Old Designator=C8 New Designator=C58
Change Component Designator: Old Designator=C9 New Designator=C59
Change Component Designator: Old Designator=C10 New Designator=C60
Change Component Designator: Old Designator=C11 New Designator=C61
Change Component Designator: Old Designator=C12 New Designator=C62
Change Component Designator: Old Designator=C13 New Designator=C63
Change Component Designator: Old Designator=C14 New Designator=C64
Change Component Designator: Old Designator=C15 New Designator=C65
Change Component Designator: Old Designator=C16 New Designator=C66
Change Component Designator: Old Designator=C17 New Designator=C67
Change Component Designator: Old Designator=C18 New Designator=C68
Change Component Designator: Old Designator=C19 New Designator=C69
Change Component Designator: Old Designator=C20 New Designator=C70
Change Component Designator: Old Designator=C21 New Designator=C71
Change Component Designator: Old Designator=C22 New Designator=C72
Change Component Designator: Old Designator=C23 New Designator=C73
Change Component Designator: Old Designator=C24 New Designator=C74
Change Component Designator: Old Designator=C25 New Designator=C75
Change Component Designator: Old Designator=C26 New Designator=C76
Change Component Designator: Old Designator=C27 New Designator=C77
Change Component Designator: Old Designator=C28 New Designator=C78
Change Component Designator: Old Designator=C29 New Designator=C79
Change Component Designator: Old Designator=C30 New Designator=C80
Change Component Designator: Old Designator=C31 New Designator=C81
Change Component Designator: Old Designator=C32 New Designator=C82
Change Component Designator: Old Designator=C33 New Designator=C83
Change Component Designator: Old Designator=C34 New Designator=C84
Change Component Designator: Old Designator=K1 New Designator=K11
Change Component Designator: Old Designator=K1 New Designator=K11
Change Component Designator: Old Designator=K2 New Designator=K12
Change Component Designator: Old Designator=K2 New Designator=K11
Change Component Designator: Old Designator=K2 New Designator=K12
Change Component Designator: Old Designator=K3 New Designator=K13
Change Component Designator: Old Designator=K3 New Designator=K12
Change Component Designator: Old Designator=K3 New Designator=K13
Change Component Designator: Old Designator=R4 New Designator=R12
Change Component Designator: Old Designator=R5 New Designator=R13
Change Component Designator: Old Designator=R6 New Designator=R14
Change Component Designator: Old Designator=R7 New Designator=R15
Change Component Designator: Old Designator=R8 New Designator=R16
Change Component Designator: Old Designator=R9 New Designator=R17
Change Component Designator: Old Designator=R10 New Designator=R18
Change Component Designator: Old Designator=R11 New Designator=R19
Change Component Designator: Old Designator=R12 New Designator=R20
Change Component Designator: Old Designator=R13 New Designator=R21
Change Component Designator: Old Designator=R14 New Designator=R22
Change Component Designator: Old Designator=R15 New Designator=R23
Change Component Designator: Old Designator=R16 New Designator=R24
Change Component Designator: Old Designator=R17 New Designator=R25
Change Component Designator: Old Designator=R18 New Designator=R26
Change Component Designator: Old Designator=R19 New Designator=R27
Change Component Designator: Old Designator=R20 New Designator=R28
Change Component Designator: Old Designator=R21 New Designator=R29
Change Component Designator: Old Designator=R22 New Designator=R30
Change Component Designator: Old Designator=R23 New Designator=R31
Change Component Designator: Old Designator=R24 New Designator=R32
Change Component Designator: Old Designator=R25 New Designator=R33
Change Component Designator: Old Designator=R? New Designator=R9
Change Component Designator: Old Designator=R? New Designator=R10
Change Component Designator: Old Designator=R? New Designator=R11
Change Component Designator: Old Designator=TR1 New Designator=TR2
Change Component Designator: Old Designator=TR2 New Designator=TR3
Change Component Designator: Old Designator=U1 New Designator=U3
Change Component Designator: Old Designator=VD1 New Designator=VD3
Change Component Designator: Old Designator=X1 New Designator=X4
Change Component Designator: Old Designator=X3 New Designator=X5
