Change Component Designator: Old Designator=C35 New Designator=C1
Change Component Designator: Old Designator=C36 New Designator=C2
Change Component Designator: Old Designator=C37 New Designator=C3
Change Component Designator: Old Designator=C38 New Designator=C4
Change Component Designator: Old Designator=C39 New Designator=C5
Change Component Designator: Old Designator=C40 New Designator=C6
Change Component Designator: Old Designator=C41 New Designator=C7
Change Component Designator: Old Designator=C42 New Designator=C8
Change Component Designator: Old Designator=C43 New Designator=C9
Change Component Designator: Old Designator=C44 New Designator=C10
Change Component Designator: Old Designator=C45 New Designator=C11
Change Component Designator: Old Designator=C46 New Designator=C12
Change Component Designator: Old Designator=C47 New Designator=C13
Change Component Designator: Old Designator=C48 New Designator=C14
Change Component Designator: Old Designator=C49 New Designator=C15
Change Component Designator: Old Designator=C50 New Designator=C16
Change Component Designator: Old Designator=C51 New Designator=C17
Change Component Designator: Old Designator=C52 New Designator=C18
Change Component Designator: Old Designator=C53 New Designator=C19
Change Component Designator: Old Designator=C54 New Designator=C20
Change Component Designator: Old Designator=C55 New Designator=C21
Change Component Designator: Old Designator=C56 New Designator=C22
Change Component Designator: Old Designator=C57 New Designator=C23
Change Component Designator: Old Designator=C58 New Designator=C24
Change Component Designator: Old Designator=C59 New Designator=C25
Change Component Designator: Old Designator=C60 New Designator=C26
Change Component Designator: Old Designator=C61 New Designator=C27
Change Component Designator: Old Designator=C62 New Designator=C28
Change Component Designator: Old Designator=C63 New Designator=C29
Change Component Designator: Old Designator=C64 New Designator=C30
Change Component Designator: Old Designator=C65 New Designator=C31
Change Component Designator: Old Designator=C66 New Designator=C32
Change Component Designator: Old Designator=C67 New Designator=C33
Change Component Designator: Old Designator=C68 New Designator=C34
Change Component Designator: Old Designator=C69 New Designator=C35
Change Component Designator: Old Designator=C70 New Designator=C36
Change Component Designator: Old Designator=C71 New Designator=C37
Change Component Designator: Old Designator=C72 New Designator=C38
Change Component Designator: Old Designator=C73 New Designator=C39
Change Component Designator: Old Designator=C74 New Designator=C40
Change Component Designator: Old Designator=C75 New Designator=C41
Change Component Designator: Old Designator=C76 New Designator=C42
Change Component Designator: Old Designator=C78 New Designator=C43
Change Component Designator: Old Designator=C80 New Designator=C44
Change Component Designator: Old Designator=C81 New Designator=C45
Change Component Designator: Old Designator=C82 New Designator=C46
Change Component Designator: Old Designator=C83 New Designator=C47
Change Component Designator: Old Designator=C84 New Designator=C48
Change Component Designator: Old Designator=C85 New Designator=C49
Change Component Designator: Old Designator=C86 New Designator=C50
Change Component Designator: Old Designator=K4 New Designator=K2
Change Component Designator: Old Designator=K5 New Designator=K3
Change Component Designator: Old Designator=K6 New Designator=K4
Change Component Designator: Old Designator=K7 New Designator=K5
Change Component Designator: Old Designator=K8 New Designator=K1
Change Component Designator: Old Designator=K9 New Designator=K6
Change Component Designator: Old Designator=K10 New Designator=K7
Change Component Designator: Old Designator=K11 New Designator=K8
Change Component Designator: Old Designator=K12 New Designator=K9
Change Component Designator: Old Designator=K13 New Designator=K10
Change Component Designator: Old Designator=R26 New Designator=R1
Change Component Designator: Old Designator=R27 New Designator=R2
Change Component Designator: Old Designator=R28 New Designator=R3
Change Component Designator: Old Designator=R29 New Designator=R4
Change Component Designator: Old Designator=R30 New Designator=R5
Change Component Designator: Old Designator=R31 New Designator=R6
Change Component Designator: Old Designator=R32 New Designator=R7
Change Component Designator: Old Designator=R33 New Designator=R8
Change Component Designator: Old Designator=TR3 New Designator=TR1
Change Component Designator: Old Designator=U2 New Designator=U1
Change Component Designator: Old Designator=U3 New Designator=U2
Change Component Designator: Old Designator=VD2 New Designator=VD1
Change Component Designator: Old Designator=VD3 New Designator=VD2
Change Component Designator: Old Designator=X5 New Designator=X2
Change Component Designator: Old Designator=X6 New Designator=X3
Change Component Designator: Old Designator=X? New Designator=X1
