Removed Pin From Net: NetName=+12 Pin=C65-1
Removed Pin From Net: NetName=3.5 Pin=C65-2
Removed Pin From Net: NetName=+12 Pin=C66-1
Removed Pin From Net: NetName=5.8 Pin=C66-2
Removed Pin From Net: NetName=+12 Pin=C67-1
Removed Pin From Net: NetName=8-17 Pin=C67-2
Removed Pin From Net: NetName=+12 Pin=C68-1
Removed Pin From Net: NetName=17-32 Pin=C68-2
Removed Pin From Net: NetName=GND Pin=C69-1
Removed Pin From Net: NetName=+12 Pin=C69-2
Removed Pin From Net: NetName=+12 Pin=C70-1
Removed Pin From Net: NetName=1.8 Pin=C70-2
Removed Pin From Net: NetName=GND Pin=C71-1
Removed Pin From Net: NetName=+12 Pin=C71-2
Removed Pin From Net: NetName=GND Pin=C72-1
Removed Pin From Net: NetName=+12 Pin=C72-2
Removed Pin From Net: NetName=GND Pin=C73-1
Removed Pin From Net: NetName=+12 Pin=C73-2
Removed Pin From Net: NetName=NetC27_1 Pin=K2-6
Removed Pin From Net: NetName=NetC27_2 Pin=K2-7
Removed Pin From Net: NetName=NetC27_1 Pin=K3-5
Removed Pin From Net: NetName=LPF Pin=K3-6
Removed Pin From Net: NetName=Net_RX/TX Pin=K3-7
Removed Member From Class: ClassName=Wolf-Lite_LPF Member=C65
Removed Member From Class: ClassName=Wolf-Lite_LPF Member=C66
Removed Member From Class: ClassName=Wolf-Lite_LPF Member=C67
Removed Member From Class: ClassName=Wolf-Lite_LPF Member=C68
Removed Member From Class: ClassName=Wolf-Lite_LPF Member=C69
Removed Member From Class: ClassName=Wolf-Lite_LPF Member=C70
Removed Member From Class: ClassName=Wolf-Lite_LPF Member=C71
Removed Member From Class: ClassName=Wolf-Lite_LPF Member=C72
Removed Member From Class: ClassName=Wolf-Lite_LPF Member=C73
Change Component Designator: OldDesignator=C1 NewDesignator=C51
Change Component Designator: OldDesignator=C2 NewDesignator=C52
Change Component Designator: OldDesignator=C3 NewDesignator=C53
Change Component Designator: OldDesignator=C4 NewDesignator=C54
Change Component Designator: OldDesignator=C5 NewDesignator=C55
Change Component Designator: OldDesignator=C6 NewDesignator=C56
Change Component Designator: OldDesignator=C7 NewDesignator=C57
Change Component Designator: OldDesignator=C8 NewDesignator=C58
Change Component Designator: OldDesignator=C9 NewDesignator=C59
Change Component Designator: OldDesignator=C10 NewDesignator=C60
Change Component Designator: OldDesignator=C11 NewDesignator=C61
Change Component Designator: OldDesignator=C12 NewDesignator=C62
Change Component Designator: OldDesignator=C13 NewDesignator=C63
Change Component Designator: OldDesignator=C14 NewDesignator=C64
Change Component Designator: OldDesignator=C15 NewDesignator=C65
Change Component Designator: OldDesignator=C16 NewDesignator=C66
Change Component Designator: OldDesignator=C17 NewDesignator=C67
Change Component Designator: OldDesignator=C18 NewDesignator=C68
Change Component Designator: OldDesignator=C19 NewDesignator=C69
Change Component Designator: OldDesignator=C20 NewDesignator=C70
Change Component Designator: OldDesignator=C21 NewDesignator=C71
Change Component Designator: OldDesignator=C22 NewDesignator=C72
Change Component Designator: OldDesignator=C23 NewDesignator=C73
Change Component Designator: OldDesignator=C24 NewDesignator=C74
Change Component Designator: OldDesignator=C25 NewDesignator=C75
Change Component Designator: OldDesignator=C26 NewDesignator=C76
Change Component Designator: OldDesignator=C27 NewDesignator=C77
Change Component Designator: OldDesignator=C28 NewDesignator=C78
Change Component Designator: OldDesignator=C29 NewDesignator=C79
Change Component Designator: OldDesignator=C30 NewDesignator=C80
Change Component Designator: OldDesignator=C31 NewDesignator=C81
Change Component Designator: OldDesignator=C32 NewDesignator=C82
Change Component Designator: OldDesignator=C33 NewDesignator=C83
Change Component Designator: OldDesignator=C34 NewDesignator=C84
Change Component Designator: OldDesignator=C35 NewDesignator=C1
Change Component Designator: OldDesignator=C36 NewDesignator=C2
Change Component Designator: OldDesignator=C37 NewDesignator=C3
Change Component Designator: OldDesignator=C38 NewDesignator=C4
Change Component Designator: OldDesignator=C39 NewDesignator=C5
Change Component Designator: OldDesignator=C40 NewDesignator=C6
Change Component Designator: OldDesignator=C41 NewDesignator=C7
Change Component Designator: OldDesignator=C42 NewDesignator=C8
Change Component Designator: OldDesignator=C43 NewDesignator=C9
Change Component Designator: OldDesignator=C44 NewDesignator=C10
Change Component Designator: OldDesignator=C45 NewDesignator=C11
Change Component Designator: OldDesignator=C46 NewDesignator=C12
Change Component Designator: OldDesignator=C47 NewDesignator=C13
Change Component Designator: OldDesignator=C48 NewDesignator=C14
Change Component Designator: OldDesignator=C49 NewDesignator=C15
Change Component Designator: OldDesignator=C50 NewDesignator=C16
Change Component Designator: OldDesignator=C51 NewDesignator=C17
Change Component Designator: OldDesignator=C52 NewDesignator=C18
Change Component Designator: OldDesignator=C53 NewDesignator=C19
Change Component Designator: OldDesignator=C54 NewDesignator=C20
Change Component Designator: OldDesignator=C55 NewDesignator=C21
Change Component Designator: OldDesignator=C56 NewDesignator=C22
Change Component Designator: OldDesignator=C57 NewDesignator=C23
Change Component Designator: OldDesignator=C58 NewDesignator=C24
Change Component Designator: OldDesignator=C59 NewDesignator=C25
Change Component Designator: OldDesignator=C60 NewDesignator=C26
Change Component Designator: OldDesignator=C61 NewDesignator=C27
Change Component Designator: OldDesignator=C62 NewDesignator=C28
Change Component Designator: OldDesignator=C63 NewDesignator=C29
Change Component Designator: OldDesignator=C64 NewDesignator=C30
Change Component Designator: OldDesignator=C74 NewDesignator=C40
Change Component Designator: OldDesignator=C75 NewDesignator=C33
Change Component Designator: OldDesignator=C76 NewDesignator=C34
Change Component Designator: OldDesignator=C78 NewDesignator=C43
Change Component Designator: OldDesignator=C80 NewDesignator=C44
Change Component Designator: OldDesignator=C81 NewDesignator=C45
Change Component Designator: OldDesignator=C82 NewDesignator=C46
Change Component Designator: OldDesignator=C83 NewDesignator=C47
Change Component Designator: OldDesignator=C84 NewDesignator=C48
Change Component Designator: OldDesignator=C85 NewDesignator=C49
Change Component Designator: OldDesignator=C86 NewDesignator=C50
Change Component Designator: OldDesignator=K1 NewDesignator=K11
Change Component Designator: OldDesignator=K2 NewDesignator=K12
Change Component Designator: OldDesignator=K3 NewDesignator=K13
Change Component Designator: OldDesignator=K4 NewDesignator=K2
Change Component Designator: OldDesignator=K5 NewDesignator=K3
Change Component Designator: OldDesignator=K6 NewDesignator=K4
Change Component Designator: OldDesignator=K7 NewDesignator=K5
Change Component Designator: OldDesignator=K8 NewDesignator=K1
Change Component Designator: OldDesignator=K9 NewDesignator=K6
Change Component Designator: OldDesignator=K10 NewDesignator=K7
Change Component Designator: OldDesignator=K11 NewDesignator=K8
Change Component Designator: OldDesignator=K12 NewDesignator=K9
Change Component Designator: OldDesignator=K13 NewDesignator=K10
Change Component Designator: OldDesignator=R1 NewDesignator=R9
Change Component Designator: OldDesignator=R2 NewDesignator=R10
Change Component Designator: OldDesignator=R3 NewDesignator=R11
Change Component Designator: OldDesignator=R4 NewDesignator=R12
Change Component Designator: OldDesignator=R5 NewDesignator=R13
Change Component Designator: OldDesignator=R6 NewDesignator=R14
Change Component Designator: OldDesignator=R7 NewDesignator=R15
Change Component Designator: OldDesignator=R8 NewDesignator=R16
Change Component Designator: OldDesignator=R9 NewDesignator=R17
Change Component Designator: OldDesignator=R10 NewDesignator=R18
Change Component Designator: OldDesignator=R11 NewDesignator=R19
Change Component Designator: OldDesignator=R12 NewDesignator=R20
Change Component Designator: OldDesignator=R13 NewDesignator=R21
Change Component Designator: OldDesignator=R14 NewDesignator=R22
Change Component Designator: OldDesignator=R15 NewDesignator=R23
Change Component Designator: OldDesignator=R16 NewDesignator=R24
Change Component Designator: OldDesignator=R17 NewDesignator=R25
Change Component Designator: OldDesignator=R18 NewDesignator=R26
Change Component Designator: OldDesignator=R19 NewDesignator=R27
Change Component Designator: OldDesignator=R20 NewDesignator=R28
Change Component Designator: OldDesignator=R21 NewDesignator=R29
Change Component Designator: OldDesignator=R22 NewDesignator=R30
Change Component Designator: OldDesignator=R23 NewDesignator=R31
Change Component Designator: OldDesignator=R24 NewDesignator=R32
Change Component Designator: OldDesignator=R25 NewDesignator=R33
Change Component Designator: OldDesignator=R26 NewDesignator=R1
Change Component Designator: OldDesignator=R27 NewDesignator=R2
Change Component Designator: OldDesignator=R28 NewDesignator=R3
Change Component Designator: OldDesignator=R29 NewDesignator=R4
Change Component Designator: OldDesignator=R30 NewDesignator=R5
Change Component Designator: OldDesignator=R31 NewDesignator=R6
Change Component Designator: OldDesignator=R32 NewDesignator=R7
Change Component Designator: OldDesignator=R33 NewDesignator=R8
Change Component Designator: OldDesignator=TR1 NewDesignator=TR2
Change Component Designator: OldDesignator=TR2 NewDesignator=TR3
Change Component Designator: OldDesignator=TR3 NewDesignator=TR1
Change Component Designator: OldDesignator=U1 NewDesignator=U3
Change Component Designator: OldDesignator=U2 NewDesignator=U1
Change Component Designator: OldDesignator=U3 NewDesignator=U2
Change Component Designator: OldDesignator=VD1 NewDesignator=VD3
Change Component Designator: OldDesignator=VD2 NewDesignator=VD1
Change Component Designator: OldDesignator=VD3 NewDesignator=VD2
Change Component Designator: OldDesignator=X1 NewDesignator=X4
Change Component Designator: OldDesignator=X3 NewDesignator=X5
Change Component Designator: OldDesignator=X5 NewDesignator=X2
Change Component Designator: OldDesignator=X6 NewDesignator=X3
Change Component Designator: OldDesignator=X? NewDesignator=X1
Added Component: Designator=C31(CH0805C)
Add component. Clean all parameters for all variants
Added Component: Designator=C32(CH0805C)
Add component. Clean all parameters for all variants
Added Component: Designator=C41(CH0805C)
Add component. Clean all parameters for all variants
Added Component: Designator=C42(CH0805C)
Add component. Clean all parameters for all variants
Added Pin To Net: NetName=GND Pin=C31-1
Added Pin To Net: NetName=+12 Pin=C31-2
Added Pin To Net: NetName=GND Pin=C32-1
Added Pin To Net: NetName=+12 Pin=C32-2
Added Pin To Net: NetName=GND Pin=C41-1
Added Pin To Net: NetName=+12 Pin=C41-2
Added Pin To Net: NetName=GND Pin=C42-1
Added Pin To Net: NetName=+12 Pin=C42-2
Added Pin To Net: NetName=NetC27_1 Pin=K11-6
Added Pin To Net: NetName=NetC27_2 Pin=K11-7
Added Pin To Net: NetName=NetC27_1 Pin=K12-5
Added Pin To Net: NetName=LPF Pin=K12-6
Added Pin To Net: NetName=Net_RX/TX Pin=K12-7
Change Net Name : Old Net Name=NetC7_1 New Net Name=NetC57_1
Change Net Name : Old Net Name=NetC7_2 New Net Name=NetC57_2
Change Net Name : Old Net Name=NetC8_1 New Net Name=NetC58_1
Change Net Name : Old Net Name=NetC8_2 New Net Name=NetC58_2
Change Net Name : Old Net Name=NetC9_1 New Net Name=NetC59_1
Change Net Name : Old Net Name=NetC11_1 New Net Name=NetC61_1
Change Net Name : Old Net Name=NetC11_2 New Net Name=NetC61_2
Change Net Name : Old Net Name=NetC12_1 New Net Name=NetC62_1
Change Net Name : Old Net Name=NetC12_2 New Net Name=NetC62_2
Change Net Name : Old Net Name=NetC13_2 New Net Name=NetC63_2
Change Net Name : Old Net Name=NetC16_1 New Net Name=NetC66_1
Change Net Name : Old Net Name=NetC17_1 New Net Name=NetC67_1
Change Net Name : Old Net Name=NetC18_1 New Net Name=NetC68_1
Change Net Name : Old Net Name=NetC18_2 New Net Name=NetC68_2
Change Net Name : Old Net Name=NetC19_1 New Net Name=NetC69_1
Change Net Name : Old Net Name=NetC19_2 New Net Name=NetC69_2
Change Net Name : Old Net Name=NetC20_1 New Net Name=NetC70_1
Change Net Name : Old Net Name=NetC22_2 New Net Name=NetC72_2
Change Net Name : Old Net Name=NetC23_2 New Net Name=NetC73_2
Change Net Name : Old Net Name=NetC24_1 New Net Name=NetC74_1
Change Net Name : Old Net Name=NetC24_2 New Net Name=NetC74_2
Change Net Name : Old Net Name=NetC25_1 New Net Name=NetC75_1
Change Net Name : Old Net Name=NetC25_2 New Net Name=NetC75_2
Change Net Name : Old Net Name=NetC27_1 New Net Name=NetC77_1
Change Net Name : Old Net Name=NetC27_2 New Net Name=NetC77_2
Change Net Name : Old Net Name=NetC28_1 New Net Name=NetC78_1
Change Net Name : Old Net Name=NetC40_1 New Net Name=NetC6_1
Change Net Name : Old Net Name=NetC41_1 New Net Name=NetC7_1
Change Net Name : Old Net Name=NetC42_1 New Net Name=NetC8_1
Change Net Name : Old Net Name=NetC43_1 New Net Name=NetC9_1
Change Net Name : Old Net Name=NetC44_1 New Net Name=NetC10_1
Change Net Name : Old Net Name=NetC45_1 New Net Name=NetC11_1
Change Net Name : Old Net Name=NetC46_1 New Net Name=NetC12_1
Change Net Name : Old Net Name=NetC47_1 New Net Name=NetC13_1
Change Net Name : Old Net Name=NetC48_1 New Net Name=NetC14_1
Change Net Name : Old Net Name=NetC49_1 New Net Name=NetC15_1
Change Net Name : Old Net Name=NetC55_1 New Net Name=NetC21_1
Change Net Name : Old Net Name=NetC56_1 New Net Name=NetC22_1
Change Net Name : Old Net Name=NetC57_1 New Net Name=NetC23_1
Change Net Name : Old Net Name=NetC58_1 New Net Name=NetC24_1
Change Net Name : Old Net Name=NetC59_1 New Net Name=NetC25_1
Change Net Name : Old Net Name=NetC75_2 New Net Name=NetC33_2
Change Net Name : Old Net Name=NetC76_2 New Net Name=NetC34_2
Change Net Name : Old Net Name=NetC81_2 New Net Name=NetC45_2
Change Net Name : Old Net Name=NetC82_2 New Net Name=NetC46_2
Change Net Name : Old Net Name=NetK1_3 New Net Name=NetK11_3
Change Net Name : Old Net Name=NetK1_4 New Net Name=NetK11_4
Change Net Name : Old Net Name=NetK9_4 New Net Name=NetK6_4
Change Net Name : Old Net Name=NetR2_2 New Net Name=NetR10_2
Change Net Name : Old Net Name=NetR4_2 New Net Name=NetR12_2
Change Net Name : Old Net Name=NetR5_1 New Net Name=NetR13_1
Change Net Name : Old Net Name=NetR16_2 New Net Name=NetR24_2
Change Net Name : Old Net Name=NetR17_2 New Net Name=NetR25_2
Change Net Name : Old Net Name=NetR20_2 New Net Name=NetR28_2
Change Net Name : Old Net Name=NetR26_1 New Net Name=NetR1_1
Change Net Name : Old Net Name=NetR30_1 New Net Name=NetR5_1
Change Net Name : Old Net Name=NetR32_1 New Net Name=NetR7_1
Change Net Name : Old Net Name=NetR33_1 New Net Name=NetR8_1
Change Net Name : Old Net Name=NetTR2_8 New Net Name=NetTR3_8
Change Net Name : Old Net Name=NetTR3_3 New Net Name=NetTR1_3
Added Member To Class: ClassName=Wolf-Lite_LPF Member=Component C31 0.1
Added Member To Class: ClassName=Wolf-Lite_LPF Member=Component C32 0.1
Added Member To Class: ClassName=Wolf-Lite_LPF Member=Component C41 0.1
Added Member To Class: ClassName=Wolf-Lite_LPF Member=Component C42 0.1
