Added Component: Designator=R16(CH0805R)
Add component (AddParameter): Name = "ComponentKind"; Value = ""; VariantName = "[No Variations]"
Add component (AddParameter): Name = "HelpURL"; Value = ""; VariantName = "[No Variations]"
Add component (AddParameter): Name = "Manufacturer"; Value = ""; VariantName = "[No Variations]"
Add component (AddParameter): Name = "Model"; Value = ""; VariantName = "[No Variations]"
Add component (AddParameter): Name = "Value"; Value = ""; VariantName = "[No Variations]"
Added Component: Designator=SB9(BUT: 6x6 SMD)
Add component (AddParameter): Name = "ComponentKind"; Value = ""; VariantName = "[No Variations]"
Add component (AddParameter): Name = "HelpURL"; Value = ""; VariantName = "[No Variations]"
Add component (AddParameter): Name = "Manufacturer"; Value = ""; VariantName = "[No Variations]"
Add component (AddParameter): Name = "Model"; Value = ""; VariantName = "[No Variations]"
Added Pin To Net: NetName=NetR15_2 Pin=R16-1
Added Pin To Net: NetName=GND Pin=SB9-2
Added Pin To Net: NetName=GND Pin=SB9-2
Added Pin To Net: NetName=NetR16_2 Pin=R16-2
Added Pin To Net: NetName=NetR16_2 Pin=SB9-1
Added Pin To Net: NetName=NetR16_2 Pin=SB9-1
Added Net: Name=NetR16_2
Added Member To Class: ClassName=WL-FRONT Member=Component R16 2K
Added Member To Class: ClassName=WL-FRONT Member=Component SB9 "Кнопка"
