Removed Pin From Net: NetName=+3.3V Pin=R1-1
Removed Pin From Net: NetName=+3.3V Pin=R2-1
Removed Pin From Net: NetName=+3.3V Pin=R3-1
Removed Pin From Net: NetName=+3.3V Pin=R4-1
Removed Pin From Net: NetName=+3.3V Pin=R5-1
Removed Pin From Net: NetName=+3.3V Pin=R6-1
Removed Pin From Net: NetName=NetR2_2 Pin=SB2-1
Removed Pin From Net: NetName=NetR2_2 Pin=SB2-1
Removed Pin From Net: NetName=NetR1_2 Pin=U1-1
Removed Pin From Net: NetName=NetR2_2 Pin=U1-2
Change Component Comment : Designator=R1 Old Comment=4.7K New Comment=1K
Change Component Comment : Designator=R6 Old Comment=4.7K New Comment=2K
Change Component Comment : Designator=R3 Old Comment=4.7K New Comment=4K7
Change Component Comment : Designator=R4 Old Comment=4.7K New Comment=4K7
Change Component Comment : Designator=R5 Old Comment=4.7K New Comment=4K7
Added Component: Designator=R7(CH0805R)
Add component (AddParameter): Name = "ComponentKind"; Value = ""; VariantName = "[No Variations]"
Add component (AddParameter): Name = "HelpURL"; Value = ""; VariantName = "[No Variations]"
Add component (AddParameter): Name = "Manufacturer"; Value = ""; VariantName = "[No Variations]"
Add component (AddParameter): Name = "Model"; Value = ""; VariantName = "[No Variations]"
Add component (AddParameter): Name = "Value"; Value = ""; VariantName = "[No Variations]"
Added Component: Designator=R13(CH0805R)
Add component (AddParameter): Name = "ComponentKind"; Value = ""; VariantName = "[No Variations]"
Add component (AddParameter): Name = "HelpURL"; Value = ""; VariantName = "[No Variations]"
Add component (AddParameter): Name = "Manufacturer"; Value = ""; VariantName = "[No Variations]"
Add component (AddParameter): Name = "Model"; Value = ""; VariantName = "[No Variations]"
Add component (AddParameter): Name = "Value"; Value = ""; VariantName = "[No Variations]"
Added Component: Designator=R14(CH0805R)
Add component (AddParameter): Name = "ComponentKind"; Value = ""; VariantName = "[No Variations]"
Add component (AddParameter): Name = "HelpURL"; Value = ""; VariantName = "[No Variations]"
Add component (AddParameter): Name = "Manufacturer"; Value = ""; VariantName = "[No Variations]"
Add component (AddParameter): Name = "Model"; Value = ""; VariantName = "[No Variations]"
Add component (AddParameter): Name = "Value"; Value = ""; VariantName = "[No Variations]"
Added Component: Designator=R15(CH0805R)
Add component (AddParameter): Name = "ComponentKind"; Value = ""; VariantName = "[No Variations]"
Add component (AddParameter): Name = "HelpURL"; Value = ""; VariantName = "[No Variations]"
Add component (AddParameter): Name = "Manufacturer"; Value = ""; VariantName = "[No Variations]"
Add component (AddParameter): Name = "Model"; Value = ""; VariantName = "[No Variations]"
Add component (AddParameter): Name = "Value"; Value = ""; VariantName = "[No Variations]"
Added Component: Designator=R16(CH0805R)
Add component (AddParameter): Name = "ComponentKind"; Value = ""; VariantName = "[No Variations]"
Add component (AddParameter): Name = "HelpURL"; Value = ""; VariantName = "[No Variations]"
Add component (AddParameter): Name = "Manufacturer"; Value = ""; VariantName = "[No Variations]"
Add component (AddParameter): Name = "Model"; Value = ""; VariantName = "[No Variations]"
Add component (AddParameter): Name = "Value"; Value = ""; VariantName = "[No Variations]"
Added Component: Designator=R17(CH0805R)
Add component (AddParameter): Name = "ComponentKind"; Value = ""; VariantName = "[No Variations]"
Add component (AddParameter): Name = "HelpURL"; Value = ""; VariantName = "[No Variations]"
Add component (AddParameter): Name = "Manufacturer"; Value = ""; VariantName = "[No Variations]"
Add component (AddParameter): Name = "Model"; Value = ""; VariantName = "[No Variations]"
Add component (AddParameter): Name = "Value"; Value = ""; VariantName = "[No Variations]"
Added Component: Designator=SB7(BUT: 6x6 SMD)
Add component (AddParameter): Name = "ComponentKind"; Value = ""; VariantName = "[No Variations]"
Add component (AddParameter): Name = "HelpURL"; Value = ""; VariantName = "[No Variations]"
Add component (AddParameter): Name = "Manufacturer"; Value = ""; VariantName = "[No Variations]"
Add component (AddParameter): Name = "Model"; Value = ""; VariantName = "[No Variations]"
Added Component: Designator=SB9(BUT: 6x6 SMD)
Add component (AddParameter): Name = "ComponentKind"; Value = ""; VariantName = "[No Variations]"
Add component (AddParameter): Name = "HelpURL"; Value = ""; VariantName = "[No Variations]"
Add component (AddParameter): Name = "Manufacturer"; Value = ""; VariantName = "[No Variations]"
Add component (AddParameter): Name = "Model"; Value = ""; VariantName = "[No Variations]"
Added Component: Designator=SB10(BUT: 6x6 SMD)
Add component (AddParameter): Name = "ComponentKind"; Value = ""; VariantName = "[No Variations]"
Add component (AddParameter): Name = "HelpURL"; Value = ""; VariantName = "[No Variations]"
Add component (AddParameter): Name = "Manufacturer"; Value = ""; VariantName = "[No Variations]"
Add component (AddParameter): Name = "Model"; Value = ""; VariantName = "[No Variations]"
Added Pin To Net: NetName=+3.3V Pin=R3-2
Added Pin To Net: NetName=+3.3V Pin=R4-2
Added Pin To Net: NetName=+3.3V Pin=R5-2
Added Pin To Net: NetName=NetR1_2 Pin=R6-1
Added Pin To Net: NetName=NetR2_2 Pin=SB3-1
Added Pin To Net: NetName=NetR2_2 Pin=SB3-1
Added Pin To Net: NetName=GND Pin=SB7-2
Added Pin To Net: NetName=GND Pin=SB7-2
Added Pin To Net: NetName=GND Pin=SB9-2
Added Pin To Net: NetName=GND Pin=SB9-2
Added Pin To Net: NetName=GND Pin=SB10-2
Added Pin To Net: NetName=GND Pin=SB10-2
Added Pin To Net: NetName=NetR1_1 Pin=R1-1
Added Pin To Net: NetName=NetR1_1 Pin=R3-1
Added Pin To Net: NetName=NetR1_1 Pin=U1-6
Added Net: Name=NetR1_1
Added Pin To Net: NetName=NetR2_1 Pin=R2-1
Added Pin To Net: NetName=NetR2_1 Pin=R6-2
Added Pin To Net: NetName=NetR2_1 Pin=SB2-1
Added Pin To Net: NetName=NetR2_1 Pin=SB2-1
Added Net: Name=NetR2_1
Added Pin To Net: NetName=NetR4_1 Pin=R4-1
Added Pin To Net: NetName=NetR4_1 Pin=R7-1
Added Pin To Net: NetName=NetR4_1 Pin=U1-7
Added Net: Name=NetR4_1
Added Pin To Net: NetName=NetR5_1 Pin=R5-1
Added Pin To Net: NetName=NetR5_1 Pin=R15-1
Added Pin To Net: NetName=NetR5_1 Pin=U1-8
Added Net: Name=NetR5_1
Added Pin To Net: NetName=NetR7_2 Pin=R7-2
Added Pin To Net: NetName=NetR7_2 Pin=R13-1
Added Pin To Net: NetName=NetR7_2 Pin=SB4-1
Added Pin To Net: NetName=NetR7_2 Pin=SB4-1
Added Net: Name=NetR7_2
Added Pin To Net: NetName=NetR13_2 Pin=R13-2
Added Pin To Net: NetName=NetR13_2 Pin=R14-1
Added Pin To Net: NetName=NetR13_2 Pin=SB5-1
Added Pin To Net: NetName=NetR13_2 Pin=SB5-1
Added Net: Name=NetR13_2
Added Pin To Net: NetName=NetR14_2 Pin=R14-2
Added Pin To Net: NetName=NetR14_2 Pin=SB6-1
Added Pin To Net: NetName=NetR14_2 Pin=SB6-1
Added Net: Name=NetR14_2
Added Pin To Net: NetName=NetR15_2 Pin=R15-2
Added Pin To Net: NetName=NetR15_2 Pin=R16-1
Added Pin To Net: NetName=NetR15_2 Pin=SB7-1
Added Pin To Net: NetName=NetR15_2 Pin=SB7-1
Added Net: Name=NetR15_2
Added Pin To Net: NetName=NetR16_2 Pin=R16-2
Added Pin To Net: NetName=NetR16_2 Pin=R17-1
Added Pin To Net: NetName=NetR16_2 Pin=SB9-1
Added Pin To Net: NetName=NetR16_2 Pin=SB9-1
Added Net: Name=NetR16_2
Added Pin To Net: NetName=NetR17_2 Pin=R17-2
Added Pin To Net: NetName=NetR17_2 Pin=SB10-1
Added Pin To Net: NetName=NetR17_2 Pin=SB10-1
Added Net: Name=NetR17_2
Added Member To Class: ClassName=WL-FRONT Member=Component R7 1K
Added Member To Class: ClassName=WL-FRONT Member=Component R13 2K
Added Member To Class: ClassName=WL-FRONT Member=Component R14 4.7K
Added Member To Class: ClassName=WL-FRONT Member=Component R15 1K
Added Member To Class: ClassName=WL-FRONT Member=Component R16 2K
Added Member To Class: ClassName=WL-FRONT Member=Component R17 4.7K
Added Member To Class: ClassName=WL-FRONT Member=Component SB7 "Кнопка"
Added Member To Class: ClassName=WL-FRONT Member=Component SB9 "Кнопка"
Added Member To Class: ClassName=WL-FRONT Member=Component SB10 "Кнопка"
