Assembler report for WOLF-LITE
Thu Jan 07 18:22:10 2021
Quartus Prime Version 18.1.0 Build 625 09/12/2018 SJ Standard Edition


---------------------
; Table of Contents ;
---------------------
  1. Legal Notice
  2. Assembler Summary
  3. Assembler Settings
  4. Assembler Encrypted IP Cores Summary
  5. Assembler Generated Files
  6. Assembler Device Options: D:/Dropbox/Develop/Projects/WOLF-Lite/FPGA/output_files/WOLF-LITE.sof
  7. Assembler Device Options: D:/Dropbox/Develop/Projects/WOLF-Lite/FPGA/output_files/WOLF-LITE.pof
  8. Assembler Messages



----------------
; Legal Notice ;
----------------
Copyright (C) 2018  Intel Corporation. All rights reserved.
Your use of Intel Corporation's design tools, logic functions 
and other software and tools, and its AMPP partner logic 
functions, and any output files from any of the foregoing 
(including device programming or simulation files), and any 
associated documentation or information are expressly subject 
to the terms and conditions of the Intel Program License 
Subscription Agreement, the Intel Quartus Prime License Agreement,
the Intel FPGA IP License Agreement, or other applicable license
agreement, including, without limitation, that your use is for
the sole purpose of programming logic devices manufactured by
Intel and sold by Intel or its authorized distributors.  Please
refer to the applicable agreement for further details.



+---------------------------------------------------------------+
; Assembler Summary                                             ;
+-----------------------+---------------------------------------+
; Assembler Status      ; Successful - Thu Jan 07 18:22:10 2021 ;
; Revision Name         ; WOLF-LITE                             ;
; Top-level Entity Name ; WOLF-LITE                             ;
; Family                ; Cyclone IV E                          ;
; Device                ; EP4CE10E22C8                          ;
+-----------------------+---------------------------------------+


+----------------------------------+
; Assembler Settings               ;
+--------+---------+---------------+
; Option ; Setting ; Default Value ;
+--------+---------+---------------+


+--------------------------------------------------+
; Assembler Encrypted IP Cores Summary             ;
+--------+--------------------------+--------------+
; Vendor ; IP Core Name             ; License Type ;
+--------+--------------------------+--------------+
; Altera ; NCO Compiler (6AF7 0014) ; Licensed     ;
; Altera ; CIC Compiler (6AF7 00BB) ; Licensed     ;
; Altera ; Signal Tap (6AF7 BCE1)   ; Licensed     ;
; Altera ; Signal Tap (6AF7 BCEC)   ; Licensed     ;
+--------+--------------------------+--------------+


+-----------------------------------------------------------------------+
; Assembler Generated Files                                             ;
+-----------------------------------------------------------------------+
; File Name                                                             ;
+-----------------------------------------------------------------------+
; D:/Dropbox/Develop/Projects/WOLF-Lite/FPGA/output_files/WOLF-LITE.sof ;
; D:/Dropbox/Develop/Projects/WOLF-Lite/FPGA/output_files/WOLF-LITE.pof ;
+-----------------------------------------------------------------------+


+-------------------------------------------------------------------------------------------------+
; Assembler Device Options: D:/Dropbox/Develop/Projects/WOLF-Lite/FPGA/output_files/WOLF-LITE.sof ;
+----------------+--------------------------------------------------------------------------------+
; Option         ; Setting                                                                        ;
+----------------+--------------------------------------------------------------------------------+
; JTAG usercode  ; 0x008A6DA1                                                                     ;
; Checksum       ; 0x008A6DA1                                                                     ;
+----------------+--------------------------------------------------------------------------------+


+-------------------------------------------------------------------------------------------------+
; Assembler Device Options: D:/Dropbox/Develop/Projects/WOLF-Lite/FPGA/output_files/WOLF-LITE.pof ;
+--------------------+----------------------------------------------------------------------------+
; Option             ; Setting                                                                    ;
+--------------------+----------------------------------------------------------------------------+
; JTAG usercode      ; 0x00000000                                                                 ;
; Checksum           ; 0x1DAFF3E6                                                                 ;
; Compression Ratio  ; 1                                                                          ;
+--------------------+----------------------------------------------------------------------------+


+--------------------+
; Assembler Messages ;
+--------------------+
Info: *******************************************************************
Info: Running Quartus Prime Assembler
    Info: Version 18.1.0 Build 625 09/12/2018 SJ Standard Edition
    Info: Processing started: Thu Jan 07 18:22:05 2021
Info: Command: quartus_asm --read_settings_files=off --write_settings_files=off WOLF-LITE -c WOLF-LITE
Info (115031): Writing out detailed assembly data for power analysis
Info (115030): Assembler is generating device programming files
Info: Quartus Prime Assembler was successful. 0 errors, 0 warnings
    Info: Peak virtual memory: 4705 megabytes
    Info: Processing ended: Thu Jan 07 18:22:10 2021
    Info: Elapsed time: 00:00:05
    Info: Total CPU time (on all processors): 00:00:05


